2002.12.12 23:00 B d:\Backup\Christmas2002\2002\Album\MossorDL\20021207_France\Thumbs\ArcPan.jpg --> ftp.mossor.org /httpdocs/HTML/20021207_France/Thumbs ArcPan.jpg
2002.12.12 23:00 B d:\Backup\Christmas2002\2002\Album\MossorDL\20021207_France\Thumbs\BeachPan.jpg --> ftp.mossor.org /httpdocs/HTML/20021207_France/Thumbs BeachPan.jpg
2002.12.12 23:00 B d:\Backup\Christmas2002\2002\Album\MossorDL\20021207_France\Thumbs\DSCN1280.JPG --> ftp.mossor.org /httpdocs/HTML/20021207_France/Thumbs DSCN1280.JPG
2002.12.12 23:00 B d:\Backup\Christmas2002\2002\Album\MossorDL\20021207_France\Thumbs\DSCN1281.JPG --> ftp.mossor.org /httpdocs/HTML/20021207_France/Thumbs DSCN1281.JPG
2002.12.12 23:00 B d:\Backup\Christmas2002\2002\Album\MossorDL\20021207_France\Thumbs\DSCN1282.JPG --> ftp.mossor.org /httpdocs/HTML/20021207_France/Thumbs DSCN1282.JPG
2002.12.12 23:00 B d:\Backup\Christmas2002\2002\Album\MossorDL\20021207_France\Thumbs\DSCN1283.JPG --> ftp.mossor.org /httpdocs/HTML/20021207_France/Thumbs DSCN1283.JPG
2002.12.12 23:01 B d:\Backup\Christmas2002\2002\Album\MossorDL\20021207_France\Thumbs\DSCN1286.JPG --> ftp.mossor.org /httpdocs/HTML/20021207_France/Thumbs DSCN1286.JPG
2002.12.12 23:01 B d:\Backup\Christmas2002\2002\Album\MossorDL\20021207_France\Thumbs\DSCN1287.JPG --> ftp.mossor.org /httpdocs/HTML/20021207_France/Thumbs DSCN1287.JPG
2002.12.12 23:01 B d:\Backup\Christmas2002\2002\Album\MossorDL\20021207_France\Thumbs\DSCN1288.JPG --> ftp.mossor.org /httpdocs/HTML/20021207_France/Thumbs DSCN1288.JPG
2002.12.12 23:01 B d:\Backup\Christmas2002\2002\Album\MossorDL\20021207_France\Thumbs\DSCN1289.JPG --> ftp.mossor.org /httpdocs/HTML/20021207_France/Thumbs DSCN1289.JPG
2002.12.12 23:01 B d:\Backup\Christmas2002\2002\Album\MossorDL\20021207_France\Thumbs\DSCN1290.JPG --> ftp.mossor.org /httpdocs/HTML/20021207_France/Thumbs DSCN1290.JPG
2002.12.12 23:01 B d:\Backup\Christmas2002\2002\Album\MossorDL\20021207_France\Thumbs\DSCN1291.JPG --> ftp.mossor.org /httpdocs/HTML/20021207_France/Thumbs DSCN1291.JPG
2002.12.12 23:01 B d:\Backup\Christmas2002\2002\Album\MossorDL\20021207_France\Thumbs\DSCN1292.JPG --> ftp.mossor.org /httpdocs/HTML/20021207_France/Thumbs DSCN1292.JPG
2002.12.12 23:02 B d:\Backup\Christmas2002\2002\Album\MossorDL\20021207_France\Thumbs\DSCN1294.JPG --> ftp.mossor.org /httpdocs/HTML/20021207_France/Thumbs DSCN1294.JPG
2002.12.12 23:02 B d:\Backup\Christmas2002\2002\Album\MossorDL\20021207_France\Thumbs\DSCN1295.JPG --> ftp.mossor.org /httpdocs/HTML/20021207_France/Thumbs DSCN1295.JPG
2002.12.12 23:02 B d:\Backup\Christmas2002\2002\Album\MossorDL\20021207_France\Thumbs\DSCN1296.JPG --> ftp.mossor.org /httpdocs/HTML/20021207_France/Thumbs DSCN1296.JPG
2002.12.12 23:02 B d:\Backup\Christmas2002\2002\Album\MossorDL\20021207_France\Thumbs\DSCN1298.JPG --> ftp.mossor.org /httpdocs/HTML/20021207_France/Thumbs DSCN1298.JPG
2002.12.12 23:02 B d:\Backup\Christmas2002\2002\Album\MossorDL\20021207_France\Thumbs\DSCN1299.JPG --> ftp.mossor.org /httpdocs/HTML/20021207_France/Thumbs DSCN1299.JPG
2002.12.12 23:02 B d:\Backup\Christmas2002\2002\Album\MossorDL\20021207_France\Thumbs\DSCN1300.JPG --> ftp.mossor.org /httpdocs/HTML/20021207_France/Thumbs DSCN1300.JPG
2002.12.12 23:02 B d:\Backup\Christmas2002\2002\Album\MossorDL\20021207_France\Thumbs\DSCN1301.JPG --> ftp.mossor.org /httpdocs/HTML/20021207_France/Thumbs DSCN1301.JPG
2002.12.12 23:03 B d:\Backup\Christmas2002\2002\Album\MossorDL\20021207_France\Thumbs\DSCN1304.JPG --> ftp.mossor.org /httpdocs/HTML/20021207_France/Thumbs DSCN1304.JPG
2002.12.12 23:03 B d:\Backup\Christmas2002\2002\Album\MossorDL\20021207_France\Thumbs\DSCN1308.JPG --> ftp.mossor.org /httpdocs/HTML/20021207_France/Thumbs DSCN1308.JPG
2002.12.12 23:03 B d:\Backup\Christmas2002\2002\Album\MossorDL\20021207_France\Thumbs\DSCN1309.JPG --> ftp.mossor.org /httpdocs/HTML/20021207_France/Thumbs DSCN1309.JPG
2002.12.12 23:03 B d:\Backup\Christmas2002\2002\Album\MossorDL\20021207_France\Thumbs\DSCN1313.JPG --> ftp.mossor.org /httpdocs/HTML/20021207_France/Thumbs DSCN1313.JPG
2002.12.12 23:03 B d:\Backup\Christmas2002\2002\Album\MossorDL\20021207_France\Thumbs\DSCN1314.JPG --> ftp.mossor.org /httpdocs/HTML/20021207_France/Thumbs DSCN1314.JPG
2002.12.12 23:03 B d:\Backup\Christmas2002\2002\Album\MossorDL\20021207_France\Thumbs\DSCN1315.JPG --> ftp.mossor.org /httpdocs/HTML/20021207_France/Thumbs DSCN1315.JPG
2002.12.12 23:03 B d:\Backup\Christmas2002\2002\Album\MossorDL\20021207_France\Thumbs\DSCN1317.JPG --> ftp.mossor.org /httpdocs/HTML/20021207_France/Thumbs DSCN1317.JPG
2002.12.12 23:04 B d:\Backup\Christmas2002\2002\Album\MossorDL\20021207_France\Thumbs\DSCN1318.JPG --> ftp.mossor.org /httpdocs/HTML/20021207_France/Thumbs DSCN1318.JPG
2002.12.12 23:04 B d:\Backup\Christmas2002\2002\Album\MossorDL\20021207_France\Thumbs\DSCN1319.JPG --> ftp.mossor.org /httpdocs/HTML/20021207_France/Thumbs DSCN1319.JPG
2002.12.12 23:04 B d:\Backup\Christmas2002\2002\Album\MossorDL\20021207_France\Thumbs\DSCN1320.JPG --> ftp.mossor.org /httpdocs/HTML/20021207_France/Thumbs DSCN1320.JPG
2002.12.12 23:04 B d:\Backup\Christmas2002\2002\Album\MossorDL\20021207_France\Thumbs\DSCN1322.JPG --> ftp.mossor.org /httpdocs/HTML/20021207_France/Thumbs DSCN1322.JPG
2002.12.12 23:04 B d:\Backup\Christmas2002\2002\Album\MossorDL\20021207_France\Thumbs\DSCN1323.JPG --> ftp.mossor.org /httpdocs/HTML/20021207_France/Thumbs DSCN1323.JPG
2002.12.12 23:04 B d:\Backup\Christmas2002\2002\Album\MossorDL\20021207_France\Thumbs\DSCN1324.JPG --> ftp.mossor.org /httpdocs/HTML/20021207_France/Thumbs DSCN1324.JPG
2002.12.12 23:04 B d:\Backup\Christmas2002\2002\Album\MossorDL\20021207_France\Thumbs\DSCN1325.JPG --> ftp.mossor.org /httpdocs/HTML/20021207_France/Thumbs DSCN1325.JPG
2002.12.12 23:05 B d:\Backup\Christmas2002\2002\Album\MossorDL\20021207_France\Thumbs\DSCN1326.JPG --> ftp.mossor.org /httpdocs/HTML/20021207_France/Thumbs DSCN1326.JPG
2002.12.12 23:05 B d:\Backup\Christmas2002\2002\Album\MossorDL\20021207_France\Thumbs\DSCN1328.JPG --> ftp.mossor.org /httpdocs/HTML/20021207_France/Thumbs DSCN1328.JPG
2002.12.12 23:05 B d:\Backup\Christmas2002\2002\Album\MossorDL\20021207_France\Thumbs\DSCN1329.JPG --> ftp.mossor.org /httpdocs/HTML/20021207_France/Thumbs DSCN1329.JPG
2002.12.12 23:05 B d:\Backup\Christmas2002\2002\Album\MossorDL\20021207_France\Thumbs\DSCN1330.JPG --> ftp.mossor.org /httpdocs/HTML/20021207_France/Thumbs DSCN1330.JPG
2002.12.12 23:05 B d:\Backup\Christmas2002\2002\Album\MossorDL\20021207_France\Thumbs\DSCN1331.JPG --> ftp.mossor.org /httpdocs/HTML/20021207_France/Thumbs DSCN1331.JPG
2002.12.12 23:05 B d:\Backup\Christmas2002\2002\Album\MossorDL\20021207_France\Thumbs\DSCN1332.JPG --> ftp.mossor.org /httpdocs/HTML/20021207_France/Thumbs DSCN1332.JPG
2002.12.12 23:06 B d:\Backup\Christmas2002\2002\Album\MossorDL\20021207_France\Thumbs\DSCN1333.JPG --> ftp.mossor.org /httpdocs/HTML/20021207_France/Thumbs DSCN1333.JPG
2002.12.12 23:06 B d:\Backup\Christmas2002\2002\Album\MossorDL\20021207_France\Thumbs\DSCN1334.JPG --> ftp.mossor.org /httpdocs/HTML/20021207_France/Thumbs DSCN1334.JPG
2002.12.12 23:06 B d:\Backup\Christmas2002\2002\Album\MossorDL\20021207_France\Thumbs\DSCN1336.JPG --> ftp.mossor.org /httpdocs/HTML/20021207_France/Thumbs DSCN1336.JPG
2002.12.12 23:06 B d:\Backup\Christmas2002\2002\Album\MossorDL\20021207_France\Thumbs\DSCN1337.JPG --> ftp.mossor.org /httpdocs/HTML/20021207_France/Thumbs DSCN1337.JPG
2002.12.12 23:06 B d:\Backup\Christmas2002\2002\Album\MossorDL\20021207_France\Thumbs\DSCN1338.JPG --> ftp.mossor.org /httpdocs/HTML/20021207_France/Thumbs DSCN1338.JPG
2002.12.12 23:06 B d:\Backup\Christmas2002\2002\Album\MossorDL\20021207_France\Thumbs\DSCN1341.JPG --> ftp.mossor.org /httpdocs/HTML/20021207_France/Thumbs DSCN1341.JPG
2002.12.12 23:06 B d:\Backup\Christmas2002\2002\Album\MossorDL\20021207_France\Thumbs\DSCN1345.JPG --> ftp.mossor.org /httpdocs/HTML/20021207_France/Thumbs DSCN1345.JPG
2002.12.12 23:07 B d:\Backup\Christmas2002\2002\Album\MossorDL\20021207_France\Thumbs\DSCN1347.JPG --> ftp.mossor.org /httpdocs/HTML/20021207_France/Thumbs DSCN1347.JPG
2002.12.12 23:07 B d:\Backup\Christmas2002\2002\Album\MossorDL\20021207_France\Thumbs\DSCN1348.JPG --> ftp.mossor.org /httpdocs/HTML/20021207_France/Thumbs DSCN1348.JPG
2002.12.12 23:07 B d:\Backup\Christmas2002\2002\Album\MossorDL\20021207_France\Thumbs\DSCN1349.JPG --> ftp.mossor.org /httpdocs/HTML/20021207_France/Thumbs DSCN1349.JPG
2002.12.12 23:07 B d:\Backup\Christmas2002\2002\Album\MossorDL\20021207_France\Thumbs\DSCN1351.JPG --> ftp.mossor.org /httpdocs/HTML/20021207_France/Thumbs DSCN1351.JPG
2002.12.12 23:07 B d:\Backup\Christmas2002\2002\Album\MossorDL\20021207_France\Thumbs\DSCN1352.JPG --> ftp.mossor.org /httpdocs/HTML/20021207_France/Thumbs DSCN1352.JPG
2002.12.12 23:07 B d:\Backup\Christmas2002\2002\Album\MossorDL\20021207_France\Thumbs\DSCN1357.JPG --> ftp.mossor.org /httpdocs/HTML/20021207_France/Thumbs DSCN1357.JPG
2002.12.12 23:08 B d:\Backup\Christmas2002\2002\Album\MossorDL\20021207_France\Thumbs\DSCN1358.JPG --> ftp.mossor.org /httpdocs/HTML/20021207_France/Thumbs DSCN1358.JPG
2002.12.12 23:08 B d:\Backup\Christmas2002\2002\Album\MossorDL\20021207_France\Thumbs\DSCN1359.JPG --> ftp.mossor.org /httpdocs/HTML/20021207_France/Thumbs DSCN1359.JPG
2002.12.12 23:08 B d:\Backup\Christmas2002\2002\Album\MossorDL\20021207_France\Thumbs\DSCN1361.JPG --> ftp.mossor.org /httpdocs/HTML/20021207_France/Thumbs DSCN1361.JPG
2002.12.12 23:08 B d:\Backup\Christmas2002\2002\Album\MossorDL\20021207_France\Thumbs\DSCN1365.JPG --> ftp.mossor.org /httpdocs/HTML/20021207_France/Thumbs DSCN1365.JPG
2002.12.12 23:08 B d:\Backup\Christmas2002\2002\Album\MossorDL\20021207_France\Thumbs\DSCN1366.JPG --> ftp.mossor.org /httpdocs/HTML/20021207_France/Thumbs DSCN1366.JPG
2002.12.12 23:08 B d:\Backup\Christmas2002\2002\Album\MossorDL\20021207_France\Thumbs\DSCN1367.JPG --> ftp.mossor.org /httpdocs/HTML/20021207_France/Thumbs DSCN1367.JPG
2002.12.12 23:08 B d:\Backup\Christmas2002\2002\Album\MossorDL\20021207_France\Thumbs\DSCN1369.JPG --> ftp.mossor.org /httpdocs/HTML/20021207_France/Thumbs DSCN1369.JPG
2002.12.12 23:09 B d:\Backup\Christmas2002\2002\Album\MossorDL\20021207_France\Thumbs\DSCN1374.JPG --> ftp.mossor.org /httpdocs/HTML/20021207_France/Thumbs DSCN1374.JPG
2002.12.12 23:09 B d:\Backup\Christmas2002\2002\Album\MossorDL\20021207_France\Thumbs\DSCN1375.JPG --> ftp.mossor.org /httpdocs/HTML/20021207_France/Thumbs DSCN1375.JPG
2002.12.12 23:09 B d:\Backup\Christmas2002\2002\Album\MossorDL\20021207_France\Thumbs\DSCN1376.JPG --> ftp.mossor.org /httpdocs/HTML/20021207_France/Thumbs DSCN1376.JPG
2002.12.12 23:09 B d:\Backup\Christmas2002\2002\Album\MossorDL\20021207_France\Thumbs\DSCN1377.JPG --> ftp.mossor.org /httpdocs/HTML/20021207_France/Thumbs DSCN1377.JPG
2002.12.12 23:09 B d:\Backup\Christmas2002\2002\Album\MossorDL\20021207_France\Thumbs\DSCN1378.JPG --> ftp.mossor.org /httpdocs/HTML/20021207_France/Thumbs DSCN1378.JPG
2002.12.12 23:09 B d:\Backup\Christmas2002\2002\Album\MossorDL\20021207_France\Thumbs\DSCN1379.JPG --> ftp.mossor.org /httpdocs/HTML/20021207_France/Thumbs DSCN1379.JPG
2002.12.12 23:10 B d:\Backup\Christmas2002\2002\Album\MossorDL\20021207_France\Thumbs\DSCN1390.JPG --> ftp.mossor.org /httpdocs/HTML/20021207_France/Thumbs DSCN1390.JPG
2002.12.12 23:10 B d:\Backup\Christmas2002\2002\Album\MossorDL\20021207_France\Thumbs\DSCN1392.JPG --> ftp.mossor.org /httpdocs/HTML/20021207_France/Thumbs DSCN1392.JPG
2002.12.12 23:10 B d:\Backup\Christmas2002\2002\Album\MossorDL\20021207_France\Thumbs\DSCN1393.JPG --> ftp.mossor.org /httpdocs/HTML/20021207_France/Thumbs DSCN1393.JPG
2002.12.12 23:10 B d:\Backup\Christmas2002\2002\Album\MossorDL\20021207_France\Thumbs\DSCN1394.JPG --> ftp.mossor.org /httpdocs/HTML/20021207_France/Thumbs DSCN1394.JPG
2002.12.12 23:10 B d:\Backup\Christmas2002\2002\Album\MossorDL\20021207_France\Thumbs\DSCN1395.JPG --> ftp.mossor.org /httpdocs/HTML/20021207_France/Thumbs DSCN1395.JPG
2002.12.12 23:10 B d:\Backup\Christmas2002\2002\Album\MossorDL\20021207_France\Thumbs\DSCN1396.JPG --> ftp.mossor.org /httpdocs/HTML/20021207_France/Thumbs DSCN1396.JPG
2002.12.12 23:10 B d:\Backup\Christmas2002\2002\Album\MossorDL\20021207_France\Thumbs\DSCN1397.JPG --> ftp.mossor.org /httpdocs/HTML/20021207_France/Thumbs DSCN1397.JPG
2002.12.12 23:11 B d:\Backup\Christmas2002\2002\Album\MossorDL\20021207_France\Thumbs\DSCN1398.JPG --> ftp.mossor.org /httpdocs/HTML/20021207_France/Thumbs DSCN1398.JPG
2002.12.12 23:11 B d:\Backup\Christmas2002\2002\Album\MossorDL\20021207_France\Thumbs\DSCN1399.JPG --> ftp.mossor.org /httpdocs/HTML/20021207_France/Thumbs DSCN1399.JPG
2002.12.12 23:11 B d:\Backup\Christmas2002\2002\Album\MossorDL\20021207_France\Thumbs\DSCN1400.JPG --> ftp.mossor.org /httpdocs/HTML/20021207_France/Thumbs DSCN1400.JPG
2002.12.12 23:11 B d:\Backup\Christmas2002\2002\Album\MossorDL\20021207_France\Thumbs\DSCN1403.JPG --> ftp.mossor.org /httpdocs/HTML/20021207_France/Thumbs DSCN1403.JPG
2002.12.12 23:11 B d:\Backup\Christmas2002\2002\Album\MossorDL\20021207_France\Thumbs\DSCN1404.JPG --> ftp.mossor.org /httpdocs/HTML/20021207_France/Thumbs DSCN1404.JPG
2002.12.12 23:11 B d:\Backup\Christmas2002\2002\Album\MossorDL\20021207_France\Thumbs\DSCN1407.JPG --> ftp.mossor.org /httpdocs/HTML/20021207_France/Thumbs DSCN1407.JPG
2002.12.12 23:11 B d:\Backup\Christmas2002\2002\Album\MossorDL\20021207_France\Thumbs\DSCN1408.JPG --> ftp.mossor.org /httpdocs/HTML/20021207_France/Thumbs DSCN1408.JPG
2002.12.12 23:12 B d:\Backup\Christmas2002\2002\Album\MossorDL\20021207_France\Thumbs\DSCN1413.JPG --> ftp.mossor.org /httpdocs/HTML/20021207_France/Thumbs DSCN1413.JPG
2002.12.12 23:12 B d:\Backup\Christmas2002\2002\Album\MossorDL\20021207_France\Thumbs\DSCN1415.JPG --> ftp.mossor.org /httpdocs/HTML/20021207_France/Thumbs DSCN1415.JPG
2002.12.12 23:12 B d:\Backup\Christmas2002\2002\Album\MossorDL\20021207_France\Thumbs\DSCN1418.JPG --> ftp.mossor.org /httpdocs/HTML/20021207_France/Thumbs DSCN1418.JPG
2002.12.12 23:12 B d:\Backup\Christmas2002\2002\Album\MossorDL\20021207_France\Thumbs\DSCN1419.JPG --> ftp.mossor.org /httpdocs/HTML/20021207_France/Thumbs DSCN1419.JPG
2002.12.12 23:12 B d:\Backup\Christmas2002\2002\Album\MossorDL\20021207_France\Thumbs\DSCN1420_b.jpg --> ftp.mossor.org /httpdocs/HTML/20021207_France/Thumbs DSCN1420_b.jpg
2002.12.12 23:12 B d:\Backup\Christmas2002\2002\Album\MossorDL\20021207_France\Thumbs\DSCN1422.JPG --> ftp.mossor.org /httpdocs/HTML/20021207_France/Thumbs DSCN1422.JPG
2002.12.12 23:13 B d:\Backup\Christmas2002\2002\Album\MossorDL\20021207_France\Thumbs\DSCN1424.JPG --> ftp.mossor.org /httpdocs/HTML/20021207_France/Thumbs DSCN1424.JPG
2002.12.12 23:13 B d:\Backup\Christmas2002\2002\Album\MossorDL\20021207_France\Thumbs\DSCN1425.JPG --> ftp.mossor.org /httpdocs/HTML/20021207_France/Thumbs DSCN1425.JPG
2002.12.12 23:13 B d:\Backup\Christmas2002\2002\Album\MossorDL\20021207_France\Thumbs\Picture_003.jpg --> ftp.mossor.org /httpdocs/HTML/20021207_France/Thumbs Picture_003.jpg
2002.12.12 23:13 B d:\Backup\Christmas2002\2002\Album\MossorDL\20021207_France\Thumbs\Picture_004.jpg --> ftp.mossor.org /httpdocs/HTML/20021207_France/Thumbs Picture_004.jpg
2002.12.12 23:13 B d:\Backup\Christmas2002\2002\Album\MossorDL\20021207_France\Thumbs\Picture_006.jpg --> ftp.mossor.org /httpdocs/HTML/20021207_France/Thumbs Picture_006.jpg
2002.12.12 23:13 B d:\Backup\Christmas2002\2002\Album\MossorDL\20021207_France\Thumbs\Picture_007.jpg --> ftp.mossor.org /httpdocs/HTML/20021207_France/Thumbs Picture_007.jpg
2002.12.12 23:13 B d:\Backup\Christmas2002\2002\Album\MossorDL\20021207_France\Thumbs\Picture_008.jpg --> ftp.mossor.org /httpdocs/HTML/20021207_France/Thumbs Picture_008.jpg
2002.12.12 23:14 B d:\Backup\Christmas2002\2002\Album\MossorDL\20021207_France\Thumbs\Picture_010.jpg --> ftp.mossor.org /httpdocs/HTML/20021207_France/Thumbs Picture_010.jpg
2002.12.12 23:14 B d:\Backup\Christmas2002\2002\Album\MossorDL\20021207_France\Thumbs\Picture_011.jpg --> ftp.mossor.org /httpdocs/HTML/20021207_France/Thumbs Picture_011.jpg
2002.12.12 23:14 B d:\Backup\Christmas2002\2002\Album\MossorDL\20021207_France\Thumbs\Picture_012.jpg --> ftp.mossor.org /httpdocs/HTML/20021207_France/Thumbs Picture_012.jpg
2002.12.12 23:14 B d:\Backup\Christmas2002\2002\Album\MossorDL\20021207_France\Thumbs\Picture_014.jpg --> ftp.mossor.org /httpdocs/HTML/20021207_France/Thumbs Picture_014.jpg
2002.12.12 23:14 B d:\Backup\Christmas2002\2002\Album\MossorDL\20021207_France\Thumbs\Picture_015.jpg --> ftp.mossor.org /httpdocs/HTML/20021207_France/Thumbs Picture_015.jpg
2002.12.12 23:14 B d:\Backup\Christmas2002\2002\Album\MossorDL\20021207_France\Thumbs\Picture_016.jpg --> ftp.mossor.org /httpdocs/HTML/20021207_France/Thumbs Picture_016.jpg
2002.12.12 23:14 B d:\Backup\Christmas2002\2002\Album\MossorDL\20021207_France\Thumbs\Picture_017.jpg --> ftp.mossor.org /httpdocs/HTML/20021207_France/Thumbs Picture_017.jpg
2002.12.12 23:15 B d:\Backup\Christmas2002\2002\Album\MossorDL\20021207_France\Thumbs\Picture_018.jpg --> ftp.mossor.org /httpdocs/HTML/20021207_France/Thumbs Picture_018.jpg
2002.12.12 23:15 B d:\Backup\Christmas2002\2002\Album\MossorDL\20021207_France\Thumbs\Picture_019.jpg --> ftp.mossor.org /httpdocs/HTML/20021207_France/Thumbs Picture_019.jpg
2002.12.12 23:15 B d:\Backup\Christmas2002\2002\Album\MossorDL\20021207_France\Thumbs\Picture_020.jpg --> ftp.mossor.org /httpdocs/HTML/20021207_France/Thumbs Picture_020.jpg
2002.12.12 23:15 B d:\Backup\Christmas2002\2002\Album\MossorDL\20021207_France\Thumbs\Picture_021.jpg --> ftp.mossor.org /httpdocs/HTML/20021207_France/Thumbs Picture_021.jpg
2002.12.12 23:15 B d:\Backup\Christmas2002\2002\Album\MossorDL\20021207_France\Thumbs\Picture_022.jpg --> ftp.mossor.org /httpdocs/HTML/20021207_France/Thumbs Picture_022.jpg
2002.12.12 23:15 B d:\Backup\Christmas2002\2002\Album\MossorDL\20021207_France\Thumbs\Picture_023.jpg --> ftp.mossor.org /httpdocs/HTML/20021207_France/Thumbs Picture_023.jpg
2002.12.12 23:15 B d:\Backup\Christmas2002\2002\Album\MossorDL\20021207_France\Thumbs\Picture_024.jpg --> ftp.mossor.org /httpdocs/HTML/20021207_France/Thumbs Picture_024.jpg
2002.12.12 23:16 B d:\Backup\Christmas2002\2002\Album\MossorDL\20021207_France\Thumbs\Picture_026.jpg --> ftp.mossor.org /httpdocs/HTML/20021207_France/Thumbs Picture_026.jpg
2002.12.12 23:16 B d:\Backup\Christmas2002\2002\Album\MossorDL\20021207_France\Thumbs\Picture_031.jpg --> ftp.mossor.org /httpdocs/HTML/20021207_France/Thumbs Picture_031.jpg
2002.12.12 23:16 B d:\Backup\Christmas2002\2002\Album\MossorDL\20021207_France\Thumbs\Picture_033.jpg --> ftp.mossor.org /httpdocs/HTML/20021207_France/Thumbs Picture_033.jpg
2002.12.12 23:16 B d:\Backup\Christmas2002\2002\Album\MossorDL\20021207_France\Thumbs\Picture_035.jpg --> ftp.mossor.org /httpdocs/HTML/20021207_France/Thumbs Picture_035.jpg
2002.12.12 23:16 B d:\Backup\Christmas2002\2002\Album\MossorDL\20021207_France\Thumbs\Picture_036.jpg --> ftp.mossor.org /httpdocs/HTML/20021207_France/Thumbs Picture_036.jpg
2002.12.12 23:16 B d:\Backup\Christmas2002\2002\Album\MossorDL\20021207_France\Thumbs\Picture_038.jpg --> ftp.mossor.org /httpdocs/HTML/20021207_France/Thumbs Picture_038.jpg
2002.12.12 23:17 B d:\Backup\Christmas2002\2002\Album\MossorDL\20021207_France\Thumbs\Picture_039.jpg --> ftp.mossor.org /httpdocs/HTML/20021207_France/Thumbs Picture_039.jpg
2002.12.12 23:17 B d:\Backup\Christmas2002\2002\Album\MossorDL\20021207_France\Thumbs\Picture_040.jpg --> ftp.mossor.org /httpdocs/HTML/20021207_France/Thumbs Picture_040.jpg
2002.12.12 23:17 B d:\Backup\Christmas2002\2002\Album\MossorDL\20021207_France\Thumbs\Picture_047.jpg --> ftp.mossor.org /httpdocs/HTML/20021207_France/Thumbs Picture_047.jpg
2002.12.12 23:17 B d:\Backup\Christmas2002\2002\Album\MossorDL\20021207_France\Thumbs\Picture_049.jpg --> ftp.mossor.org /httpdocs/HTML/20021207_France/Thumbs Picture_049.jpg
2002.12.12 23:17 B d:\Backup\Christmas2002\2002\Album\MossorDL\20021207_France\Thumbs\Picture_050.jpg --> ftp.mossor.org /httpdocs/HTML/20021207_France/Thumbs Picture_050.jpg
