2002.12.12 22:06 B d:\Backup\Christmas2002\2002\Album\MossorDL\20021207_France\Images\ArcPan.jpg --> ftp.mossor.org /httpdocs/HTML/20021207_France/Images ArcPan.jpg
2002.12.12 22:07 B d:\Backup\Christmas2002\2002\Album\MossorDL\20021207_France\Images\BeachPan.jpg --> ftp.mossor.org /httpdocs/HTML/20021207_France/Images BeachPan.jpg
2002.12.12 22:07 B d:\Backup\Christmas2002\2002\Album\MossorDL\20021207_France\Images\DSCN1280.JPG --> ftp.mossor.org /httpdocs/HTML/20021207_France/Images DSCN1280.JPG
2002.12.12 22:07 B d:\Backup\Christmas2002\2002\Album\MossorDL\20021207_France\Images\DSCN1281.JPG --> ftp.mossor.org /httpdocs/HTML/20021207_France/Images DSCN1281.JPG
2002.12.12 22:07 B d:\Backup\Christmas2002\2002\Album\MossorDL\20021207_France\Images\DSCN1282.JPG --> ftp.mossor.org /httpdocs/HTML/20021207_France/Images DSCN1282.JPG
2002.12.12 22:08 B d:\Backup\Christmas2002\2002\Album\MossorDL\20021207_France\Images\DSCN1283.JPG --> ftp.mossor.org /httpdocs/HTML/20021207_France/Images DSCN1283.JPG
2002.12.12 22:08 B d:\Backup\Christmas2002\2002\Album\MossorDL\20021207_France\Images\DSCN1286.JPG --> ftp.mossor.org /httpdocs/HTML/20021207_France/Images DSCN1286.JPG
2002.12.12 22:08 B d:\Backup\Christmas2002\2002\Album\MossorDL\20021207_France\Images\DSCN1287.JPG --> ftp.mossor.org /httpdocs/HTML/20021207_France/Images DSCN1287.JPG
2002.12.12 22:08 B d:\Backup\Christmas2002\2002\Album\MossorDL\20021207_France\Images\DSCN1288.JPG --> ftp.mossor.org /httpdocs/HTML/20021207_France/Images DSCN1288.JPG
2002.12.12 22:09 B d:\Backup\Christmas2002\2002\Album\MossorDL\20021207_France\Images\DSCN1289.JPG --> ftp.mossor.org /httpdocs/HTML/20021207_France/Images DSCN1289.JPG
2002.12.12 22:09 B d:\Backup\Christmas2002\2002\Album\MossorDL\20021207_France\Images\DSCN1290.JPG --> ftp.mossor.org /httpdocs/HTML/20021207_France/Images DSCN1290.JPG
2002.12.12 22:09 B d:\Backup\Christmas2002\2002\Album\MossorDL\20021207_France\Images\DSCN1291.JPG --> ftp.mossor.org /httpdocs/HTML/20021207_France/Images DSCN1291.JPG
2002.12.12 22:10 B d:\Backup\Christmas2002\2002\Album\MossorDL\20021207_France\Images\DSCN1292.JPG --> ftp.mossor.org /httpdocs/HTML/20021207_France/Images DSCN1292.JPG
2002.12.12 22:10 B d:\Backup\Christmas2002\2002\Album\MossorDL\20021207_France\Images\DSCN1294.JPG --> ftp.mossor.org /httpdocs/HTML/20021207_France/Images DSCN1294.JPG
2002.12.12 22:10 B d:\Backup\Christmas2002\2002\Album\MossorDL\20021207_France\Images\DSCN1295.JPG --> ftp.mossor.org /httpdocs/HTML/20021207_France/Images DSCN1295.JPG
2002.12.12 22:11 B d:\Backup\Christmas2002\2002\Album\MossorDL\20021207_France\Images\DSCN1296.JPG --> ftp.mossor.org /httpdocs/HTML/20021207_France/Images DSCN1296.JPG
2002.12.12 22:11 B d:\Backup\Christmas2002\2002\Album\MossorDL\20021207_France\Images\DSCN1298.JPG --> ftp.mossor.org /httpdocs/HTML/20021207_France/Images DSCN1298.JPG
2002.12.12 22:11 B d:\Backup\Christmas2002\2002\Album\MossorDL\20021207_France\Images\DSCN1299.JPG --> ftp.mossor.org /httpdocs/HTML/20021207_France/Images DSCN1299.JPG
2002.12.12 22:12 B d:\Backup\Christmas2002\2002\Album\MossorDL\20021207_France\Images\DSCN1300.JPG --> ftp.mossor.org /httpdocs/HTML/20021207_France/Images DSCN1300.JPG
2002.12.12 22:12 B d:\Backup\Christmas2002\2002\Album\MossorDL\20021207_France\Images\DSCN1301.JPG --> ftp.mossor.org /httpdocs/HTML/20021207_France/Images DSCN1301.JPG
2002.12.12 22:12 B d:\Backup\Christmas2002\2002\Album\MossorDL\20021207_France\Images\DSCN1304.JPG --> ftp.mossor.org /httpdocs/HTML/20021207_France/Images DSCN1304.JPG
2002.12.12 22:13 B d:\Backup\Christmas2002\2002\Album\MossorDL\20021207_France\Images\DSCN1308.JPG --> ftp.mossor.org /httpdocs/HTML/20021207_France/Images DSCN1308.JPG
2002.12.12 22:13 B d:\Backup\Christmas2002\2002\Album\MossorDL\20021207_France\Images\DSCN1309.JPG --> ftp.mossor.org /httpdocs/HTML/20021207_France/Images DSCN1309.JPG
2002.12.12 22:14 B d:\Backup\Christmas2002\2002\Album\MossorDL\20021207_France\Images\DSCN1313.JPG --> ftp.mossor.org /httpdocs/HTML/20021207_France/Images DSCN1313.JPG
2002.12.12 22:14 B d:\Backup\Christmas2002\2002\Album\MossorDL\20021207_France\Images\DSCN1314.JPG --> ftp.mossor.org /httpdocs/HTML/20021207_France/Images DSCN1314.JPG
2002.12.12 22:14 B d:\Backup\Christmas2002\2002\Album\MossorDL\20021207_France\Images\DSCN1315.JPG --> ftp.mossor.org /httpdocs/HTML/20021207_France/Images DSCN1315.JPG
2002.12.12 22:15 B d:\Backup\Christmas2002\2002\Album\MossorDL\20021207_France\Images\DSCN1317.JPG --> ftp.mossor.org /httpdocs/HTML/20021207_France/Images DSCN1317.JPG
2002.12.12 22:15 B d:\Backup\Christmas2002\2002\Album\MossorDL\20021207_France\Images\DSCN1318.JPG --> ftp.mossor.org /httpdocs/HTML/20021207_France/Images DSCN1318.JPG
2002.12.12 22:15 B d:\Backup\Christmas2002\2002\Album\MossorDL\20021207_France\Images\DSCN1319.JPG --> ftp.mossor.org /httpdocs/HTML/20021207_France/Images DSCN1319.JPG
2002.12.12 22:16 B d:\Backup\Christmas2002\2002\Album\MossorDL\20021207_France\Images\DSCN1320.JPG --> ftp.mossor.org /httpdocs/HTML/20021207_France/Images DSCN1320.JPG
2002.12.12 22:16 B d:\Backup\Christmas2002\2002\Album\MossorDL\20021207_France\Images\DSCN1322.JPG --> ftp.mossor.org /httpdocs/HTML/20021207_France/Images DSCN1322.JPG
2002.12.12 22:17 B d:\Backup\Christmas2002\2002\Album\MossorDL\20021207_France\Images\DSCN1323.JPG --> ftp.mossor.org /httpdocs/HTML/20021207_France/Images DSCN1323.JPG
2002.12.12 22:17 B d:\Backup\Christmas2002\2002\Album\MossorDL\20021207_France\Images\DSCN1324.JPG --> ftp.mossor.org /httpdocs/HTML/20021207_France/Images DSCN1324.JPG
2002.12.12 22:18 B d:\Backup\Christmas2002\2002\Album\MossorDL\20021207_France\Images\DSCN1325.JPG --> ftp.mossor.org /httpdocs/HTML/20021207_France/Images DSCN1325.JPG
2002.12.12 22:18 B d:\Backup\Christmas2002\2002\Album\MossorDL\20021207_France\Images\DSCN1326.JPG --> ftp.mossor.org /httpdocs/HTML/20021207_France/Images DSCN1326.JPG
2002.12.12 22:19 B d:\Backup\Christmas2002\2002\Album\MossorDL\20021207_France\Images\DSCN1328.JPG --> ftp.mossor.org /httpdocs/HTML/20021207_France/Images DSCN1328.JPG
2002.12.12 22:19 B d:\Backup\Christmas2002\2002\Album\MossorDL\20021207_France\Images\DSCN1329.JPG --> ftp.mossor.org /httpdocs/HTML/20021207_France/Images DSCN1329.JPG
2002.12.12 22:19 B d:\Backup\Christmas2002\2002\Album\MossorDL\20021207_France\Images\DSCN1330.JPG --> ftp.mossor.org /httpdocs/HTML/20021207_France/Images DSCN1330.JPG
2002.12.12 22:20 B d:\Backup\Christmas2002\2002\Album\MossorDL\20021207_France\Images\DSCN1331.JPG --> ftp.mossor.org /httpdocs/HTML/20021207_France/Images DSCN1331.JPG
2002.12.12 22:20 B d:\Backup\Christmas2002\2002\Album\MossorDL\20021207_France\Images\DSCN1332.JPG --> ftp.mossor.org /httpdocs/HTML/20021207_France/Images DSCN1332.JPG
2002.12.12 22:20 B d:\Backup\Christmas2002\2002\Album\MossorDL\20021207_France\Images\DSCN1333.JPG --> ftp.mossor.org /httpdocs/HTML/20021207_France/Images DSCN1333.JPG
2002.12.12 22:20 B d:\Backup\Christmas2002\2002\Album\MossorDL\20021207_France\Images\DSCN1334.JPG --> ftp.mossor.org /httpdocs/HTML/20021207_France/Images DSCN1334.JPG
2002.12.12 22:21 B d:\Backup\Christmas2002\2002\Album\MossorDL\20021207_France\Images\DSCN1336.JPG --> ftp.mossor.org /httpdocs/HTML/20021207_France/Images DSCN1336.JPG
2002.12.12 22:21 B d:\Backup\Christmas2002\2002\Album\MossorDL\20021207_France\Images\DSCN1337.JPG --> ftp.mossor.org /httpdocs/HTML/20021207_France/Images DSCN1337.JPG
2002.12.12 22:22 B d:\Backup\Christmas2002\2002\Album\MossorDL\20021207_France\Images\DSCN1338.JPG --> ftp.mossor.org /httpdocs/HTML/20021207_France/Images DSCN1338.JPG
2002.12.12 22:22 B d:\Backup\Christmas2002\2002\Album\MossorDL\20021207_France\Images\DSCN1341.JPG --> ftp.mossor.org /httpdocs/HTML/20021207_France/Images DSCN1341.JPG
2002.12.12 22:23 B d:\Backup\Christmas2002\2002\Album\MossorDL\20021207_France\Images\DSCN1345.JPG --> ftp.mossor.org /httpdocs/HTML/20021207_France/Images DSCN1345.JPG
2002.12.12 22:23 B d:\Backup\Christmas2002\2002\Album\MossorDL\20021207_France\Images\DSCN1347.JPG --> ftp.mossor.org /httpdocs/HTML/20021207_France/Images DSCN1347.JPG
2002.12.12 22:24 B d:\Backup\Christmas2002\2002\Album\MossorDL\20021207_France\Images\DSCN1348.JPG --> ftp.mossor.org /httpdocs/HTML/20021207_France/Images DSCN1348.JPG
2002.12.12 22:25 B d:\Backup\Christmas2002\2002\Album\MossorDL\20021207_France\Images\DSCN1349.JPG --> ftp.mossor.org /httpdocs/HTML/20021207_France/Images DSCN1349.JPG
2002.12.12 22:25 B d:\Backup\Christmas2002\2002\Album\MossorDL\20021207_France\Images\DSCN1351.JPG --> ftp.mossor.org /httpdocs/HTML/20021207_France/Images DSCN1351.JPG
2002.12.12 22:26 B d:\Backup\Christmas2002\2002\Album\MossorDL\20021207_France\Images\DSCN1352.JPG --> ftp.mossor.org /httpdocs/HTML/20021207_France/Images DSCN1352.JPG
2002.12.12 22:27 B d:\Backup\Christmas2002\2002\Album\MossorDL\20021207_France\Images\DSCN1357.JPG --> ftp.mossor.org /httpdocs/HTML/20021207_France/Images DSCN1357.JPG
2002.12.12 22:27 B d:\Backup\Christmas2002\2002\Album\MossorDL\20021207_France\Images\DSCN1358.JPG --> ftp.mossor.org /httpdocs/HTML/20021207_France/Images DSCN1358.JPG
2002.12.12 22:28 B d:\Backup\Christmas2002\2002\Album\MossorDL\20021207_France\Images\DSCN1359.JPG --> ftp.mossor.org /httpdocs/HTML/20021207_France/Images DSCN1359.JPG
2002.12.12 22:28 B d:\Backup\Christmas2002\2002\Album\MossorDL\20021207_France\Images\DSCN1361.JPG --> ftp.mossor.org /httpdocs/HTML/20021207_France/Images DSCN1361.JPG
2002.12.12 22:28 B d:\Backup\Christmas2002\2002\Album\MossorDL\20021207_France\Images\DSCN1365.JPG --> ftp.mossor.org /httpdocs/HTML/20021207_France/Images DSCN1365.JPG
2002.12.12 22:29 B d:\Backup\Christmas2002\2002\Album\MossorDL\20021207_France\Images\DSCN1366.JPG --> ftp.mossor.org /httpdocs/HTML/20021207_France/Images DSCN1366.JPG
2002.12.12 22:29 B d:\Backup\Christmas2002\2002\Album\MossorDL\20021207_France\Images\DSCN1367.JPG --> ftp.mossor.org /httpdocs/HTML/20021207_France/Images DSCN1367.JPG
2002.12.12 22:30 B d:\Backup\Christmas2002\2002\Album\MossorDL\20021207_France\Images\DSCN1369.JPG --> ftp.mossor.org /httpdocs/HTML/20021207_France/Images DSCN1369.JPG
2002.12.12 22:30 B d:\Backup\Christmas2002\2002\Album\MossorDL\20021207_France\Images\DSCN1374.JPG --> ftp.mossor.org /httpdocs/HTML/20021207_France/Images DSCN1374.JPG
2002.12.12 22:31 B d:\Backup\Christmas2002\2002\Album\MossorDL\20021207_France\Images\DSCN1375.JPG --> ftp.mossor.org /httpdocs/HTML/20021207_France/Images DSCN1375.JPG
2002.12.12 22:31 B d:\Backup\Christmas2002\2002\Album\MossorDL\20021207_France\Images\DSCN1376.JPG --> ftp.mossor.org /httpdocs/HTML/20021207_France/Images DSCN1376.JPG
2002.12.12 22:32 B d:\Backup\Christmas2002\2002\Album\MossorDL\20021207_France\Images\DSCN1377.JPG --> ftp.mossor.org /httpdocs/HTML/20021207_France/Images DSCN1377.JPG
2002.12.12 22:32 B d:\Backup\Christmas2002\2002\Album\MossorDL\20021207_France\Images\DSCN1378.JPG --> ftp.mossor.org /httpdocs/HTML/20021207_France/Images DSCN1378.JPG
2002.12.12 22:32 B d:\Backup\Christmas2002\2002\Album\MossorDL\20021207_France\Images\DSCN1379.JPG --> ftp.mossor.org /httpdocs/HTML/20021207_France/Images DSCN1379.JPG
2002.12.12 22:33 B d:\Backup\Christmas2002\2002\Album\MossorDL\20021207_France\Images\DSCN1390.JPG --> ftp.mossor.org /httpdocs/HTML/20021207_France/Images DSCN1390.JPG
2002.12.12 22:33 B d:\Backup\Christmas2002\2002\Album\MossorDL\20021207_France\Images\DSCN1392.JPG --> ftp.mossor.org /httpdocs/HTML/20021207_France/Images DSCN1392.JPG
2002.12.12 22:34 B d:\Backup\Christmas2002\2002\Album\MossorDL\20021207_France\Images\DSCN1393.JPG --> ftp.mossor.org /httpdocs/HTML/20021207_France/Images DSCN1393.JPG
2002.12.12 22:35 B d:\Backup\Christmas2002\2002\Album\MossorDL\20021207_France\Images\DSCN1394.JPG --> ftp.mossor.org /httpdocs/HTML/20021207_France/Images DSCN1394.JPG
2002.12.12 22:35 B d:\Backup\Christmas2002\2002\Album\MossorDL\20021207_France\Images\DSCN1395.JPG --> ftp.mossor.org /httpdocs/HTML/20021207_France/Images DSCN1395.JPG
2002.12.12 22:36 B d:\Backup\Christmas2002\2002\Album\MossorDL\20021207_France\Images\DSCN1396.JPG --> ftp.mossor.org /httpdocs/HTML/20021207_France/Images DSCN1396.JPG
2002.12.12 22:36 B d:\Backup\Christmas2002\2002\Album\MossorDL\20021207_France\Images\DSCN1397.JPG --> ftp.mossor.org /httpdocs/HTML/20021207_France/Images DSCN1397.JPG
2002.12.12 22:37 B d:\Backup\Christmas2002\2002\Album\MossorDL\20021207_France\Images\DSCN1398.JPG --> ftp.mossor.org /httpdocs/HTML/20021207_France/Images DSCN1398.JPG
2002.12.12 22:37 B d:\Backup\Christmas2002\2002\Album\MossorDL\20021207_France\Images\DSCN1399.JPG --> ftp.mossor.org /httpdocs/HTML/20021207_France/Images DSCN1399.JPG
2002.12.12 22:37 B d:\Backup\Christmas2002\2002\Album\MossorDL\20021207_France\Images\DSCN1400.JPG --> ftp.mossor.org /httpdocs/HTML/20021207_France/Images DSCN1400.JPG
2002.12.12 22:38 B d:\Backup\Christmas2002\2002\Album\MossorDL\20021207_France\Images\DSCN1403.JPG --> ftp.mossor.org /httpdocs/HTML/20021207_France/Images DSCN1403.JPG
2002.12.12 22:38 B d:\Backup\Christmas2002\2002\Album\MossorDL\20021207_France\Images\DSCN1404.JPG --> ftp.mossor.org /httpdocs/HTML/20021207_France/Images DSCN1404.JPG
2002.12.12 22:39 B d:\Backup\Christmas2002\2002\Album\MossorDL\20021207_France\Images\DSCN1407.JPG --> ftp.mossor.org /httpdocs/HTML/20021207_France/Images DSCN1407.JPG
2002.12.12 22:39 B d:\Backup\Christmas2002\2002\Album\MossorDL\20021207_France\Images\DSCN1408.JPG --> ftp.mossor.org /httpdocs/HTML/20021207_France/Images DSCN1408.JPG
2002.12.12 22:40 B d:\Backup\Christmas2002\2002\Album\MossorDL\20021207_France\Images\DSCN1413.JPG --> ftp.mossor.org /httpdocs/HTML/20021207_France/Images DSCN1413.JPG
2002.12.12 22:40 B d:\Backup\Christmas2002\2002\Album\MossorDL\20021207_France\Images\DSCN1415.JPG --> ftp.mossor.org /httpdocs/HTML/20021207_France/Images DSCN1415.JPG
2002.12.12 22:41 B d:\Backup\Christmas2002\2002\Album\MossorDL\20021207_France\Images\DSCN1418.JPG --> ftp.mossor.org /httpdocs/HTML/20021207_France/Images DSCN1418.JPG
2002.12.12 22:41 B d:\Backup\Christmas2002\2002\Album\MossorDL\20021207_France\Images\DSCN1419.JPG --> ftp.mossor.org /httpdocs/HTML/20021207_France/Images DSCN1419.JPG
2002.12.12 22:41 B d:\Backup\Christmas2002\2002\Album\MossorDL\20021207_France\Images\DSCN1420_b.jpg --> ftp.mossor.org /httpdocs/HTML/20021207_France/Images DSCN1420_b.jpg
2002.12.12 22:41 B d:\Backup\Christmas2002\2002\Album\MossorDL\20021207_France\Images\DSCN1422.JPG --> ftp.mossor.org /httpdocs/HTML/20021207_France/Images DSCN1422.JPG
2002.12.12 22:42 B d:\Backup\Christmas2002\2002\Album\MossorDL\20021207_France\Images\DSCN1424.JPG --> ftp.mossor.org /httpdocs/HTML/20021207_France/Images DSCN1424.JPG
2002.12.12 22:42 B d:\Backup\Christmas2002\2002\Album\MossorDL\20021207_France\Images\DSCN1425.JPG --> ftp.mossor.org /httpdocs/HTML/20021207_France/Images DSCN1425.JPG
2002.12.12 22:43 B d:\Backup\Christmas2002\2002\Album\MossorDL\20021207_France\Images\Picture_003.jpg --> ftp.mossor.org /httpdocs/HTML/20021207_France/Images Picture_003.jpg
2002.12.12 22:43 B d:\Backup\Christmas2002\2002\Album\MossorDL\20021207_France\Images\Picture_004.jpg --> ftp.mossor.org /httpdocs/HTML/20021207_France/Images Picture_004.jpg
2002.12.12 22:43 B d:\Backup\Christmas2002\2002\Album\MossorDL\20021207_France\Images\Picture_006.jpg --> ftp.mossor.org /httpdocs/HTML/20021207_France/Images Picture_006.jpg
2002.12.12 22:44 B d:\Backup\Christmas2002\2002\Album\MossorDL\20021207_France\Images\Picture_007.jpg --> ftp.mossor.org /httpdocs/HTML/20021207_France/Images Picture_007.jpg
2002.12.12 22:44 B d:\Backup\Christmas2002\2002\Album\MossorDL\20021207_France\Images\Picture_008.jpg --> ftp.mossor.org /httpdocs/HTML/20021207_France/Images Picture_008.jpg
2002.12.12 22:45 B d:\Backup\Christmas2002\2002\Album\MossorDL\20021207_France\Images\Picture_010.jpg --> ftp.mossor.org /httpdocs/HTML/20021207_France/Images Picture_010.jpg
2002.12.12 22:45 B d:\Backup\Christmas2002\2002\Album\MossorDL\20021207_France\Images\Picture_011.jpg --> ftp.mossor.org /httpdocs/HTML/20021207_France/Images Picture_011.jpg
2002.12.12 22:45 B d:\Backup\Christmas2002\2002\Album\MossorDL\20021207_France\Images\Picture_012.jpg --> ftp.mossor.org /httpdocs/HTML/20021207_France/Images Picture_012.jpg
2002.12.12 22:46 B d:\Backup\Christmas2002\2002\Album\MossorDL\20021207_France\Images\Picture_014.jpg --> ftp.mossor.org /httpdocs/HTML/20021207_France/Images Picture_014.jpg
2002.12.12 22:46 B d:\Backup\Christmas2002\2002\Album\MossorDL\20021207_France\Images\Picture_015.jpg --> ftp.mossor.org /httpdocs/HTML/20021207_France/Images Picture_015.jpg
2002.12.12 22:46 B d:\Backup\Christmas2002\2002\Album\MossorDL\20021207_France\Images\Picture_016.jpg --> ftp.mossor.org /httpdocs/HTML/20021207_France/Images Picture_016.jpg
2002.12.12 22:47 B d:\Backup\Christmas2002\2002\Album\MossorDL\20021207_France\Images\Picture_017.jpg --> ftp.mossor.org /httpdocs/HTML/20021207_France/Images Picture_017.jpg
2002.12.12 22:47 B d:\Backup\Christmas2002\2002\Album\MossorDL\20021207_France\Images\Picture_018.jpg --> ftp.mossor.org /httpdocs/HTML/20021207_France/Images Picture_018.jpg
2002.12.12 22:47 B d:\Backup\Christmas2002\2002\Album\MossorDL\20021207_France\Images\Picture_019.jpg --> ftp.mossor.org /httpdocs/HTML/20021207_France/Images Picture_019.jpg
2002.12.12 22:47 B d:\Backup\Christmas2002\2002\Album\MossorDL\20021207_France\Images\Picture_020.jpg --> ftp.mossor.org /httpdocs/HTML/20021207_France/Images Picture_020.jpg
2002.12.12 22:48 B d:\Backup\Christmas2002\2002\Album\MossorDL\20021207_France\Images\Picture_021.jpg --> ftp.mossor.org /httpdocs/HTML/20021207_France/Images Picture_021.jpg
2002.12.12 22:48 B d:\Backup\Christmas2002\2002\Album\MossorDL\20021207_France\Images\Picture_022.jpg --> ftp.mossor.org /httpdocs/HTML/20021207_France/Images Picture_022.jpg
2002.12.12 22:49 B d:\Backup\Christmas2002\2002\Album\MossorDL\20021207_France\Images\Picture_023.jpg --> ftp.mossor.org /httpdocs/HTML/20021207_France/Images Picture_023.jpg
2002.12.12 22:49 B d:\Backup\Christmas2002\2002\Album\MossorDL\20021207_France\Images\Picture_024.jpg --> ftp.mossor.org /httpdocs/HTML/20021207_France/Images Picture_024.jpg
2002.12.12 22:49 B d:\Backup\Christmas2002\2002\Album\MossorDL\20021207_France\Images\Picture_026.jpg --> ftp.mossor.org /httpdocs/HTML/20021207_France/Images Picture_026.jpg
2002.12.12 22:50 B d:\Backup\Christmas2002\2002\Album\MossorDL\20021207_France\Images\Picture_031.jpg --> ftp.mossor.org /httpdocs/HTML/20021207_France/Images Picture_031.jpg
2002.12.12 22:50 B d:\Backup\Christmas2002\2002\Album\MossorDL\20021207_France\Images\Picture_033.jpg --> ftp.mossor.org /httpdocs/HTML/20021207_France/Images Picture_033.jpg
2002.12.12 22:50 B d:\Backup\Christmas2002\2002\Album\MossorDL\20021207_France\Images\Picture_035.jpg --> ftp.mossor.org /httpdocs/HTML/20021207_France/Images Picture_035.jpg
2002.12.12 22:51 B d:\Backup\Christmas2002\2002\Album\MossorDL\20021207_France\Images\Picture_036.jpg --> ftp.mossor.org /httpdocs/HTML/20021207_France/Images Picture_036.jpg
2002.12.12 22:51 B d:\Backup\Christmas2002\2002\Album\MossorDL\20021207_France\Images\Picture_038.jpg --> ftp.mossor.org /httpdocs/HTML/20021207_France/Images Picture_038.jpg
2002.12.12 22:52 B d:\Backup\Christmas2002\2002\Album\MossorDL\20021207_France\Images\Picture_039.jpg --> ftp.mossor.org /httpdocs/HTML/20021207_France/Images Picture_039.jpg
2002.12.12 22:53 B d:\Backup\Christmas2002\2002\Album\MossorDL\20021207_France\Images\Picture_040.jpg --> ftp.mossor.org /httpdocs/HTML/20021207_France/Images Picture_040.jpg
2002.12.12 22:53 B d:\Backup\Christmas2002\2002\Album\MossorDL\20021207_France\Images\Picture_047.jpg --> ftp.mossor.org /httpdocs/HTML/20021207_France/Images Picture_047.jpg
2002.12.12 22:53 B d:\Backup\Christmas2002\2002\Album\MossorDL\20021207_France\Images\Picture_049.jpg --> ftp.mossor.org /httpdocs/HTML/20021207_France/Images Picture_049.jpg
2002.12.12 22:54 B d:\Backup\Christmas2002\2002\Album\MossorDL\20021207_France\Images\Picture_050.jpg --> ftp.mossor.org /httpdocs/HTML/20021207_France/Images Picture_050.jpg
2002.12.12 22:56 B d:\Backup\Christmas2002\2002\Album\MossorDL\20021207_France\Images\Thumbs.db --> ftp.mossor.org /httpdocs/HTML/20021207_France/Images Thumbs.db
