2002.12.11 22:16 B d:\Backup\Christmas2002\2002\Album\MossorDL\20021207_France\HTML\ArcPan.html --> ftp.mossor.org /httpdocs/HTML/20021207_France/HTML ArcPan.html
2002.12.11 22:16 B d:\Backup\Christmas2002\2002\Album\MossorDL\20021207_France\HTML\BeachPan.html --> ftp.mossor.org /httpdocs/HTML/20021207_France/HTML BeachPan.html
2002.12.11 22:16 B d:\Backup\Christmas2002\2002\Album\MossorDL\20021207_France\HTML\DSCN1280.html --> ftp.mossor.org /httpdocs/HTML/20021207_France/HTML DSCN1280.html
2002.12.11 22:16 B d:\Backup\Christmas2002\2002\Album\MossorDL\20021207_France\HTML\DSCN1281.html --> ftp.mossor.org /httpdocs/HTML/20021207_France/HTML DSCN1281.html
2002.12.11 22:17 B d:\Backup\Christmas2002\2002\Album\MossorDL\20021207_France\HTML\DSCN1282.html --> ftp.mossor.org /httpdocs/HTML/20021207_France/HTML DSCN1282.html
2002.12.11 22:17 B d:\Backup\Christmas2002\2002\Album\MossorDL\20021207_France\HTML\DSCN1283.html --> ftp.mossor.org /httpdocs/HTML/20021207_France/HTML DSCN1283.html
2002.12.11 22:17 B d:\Backup\Christmas2002\2002\Album\MossorDL\20021207_France\HTML\DSCN1286.html --> ftp.mossor.org /httpdocs/HTML/20021207_France/HTML DSCN1286.html
2002.12.11 22:17 B d:\Backup\Christmas2002\2002\Album\MossorDL\20021207_France\HTML\DSCN1287.html --> ftp.mossor.org /httpdocs/HTML/20021207_France/HTML DSCN1287.html
2002.12.11 22:17 B d:\Backup\Christmas2002\2002\Album\MossorDL\20021207_France\HTML\DSCN1288.html --> ftp.mossor.org /httpdocs/HTML/20021207_France/HTML DSCN1288.html
2002.12.11 22:18 B d:\Backup\Christmas2002\2002\Album\MossorDL\20021207_France\HTML\DSCN1289.html --> ftp.mossor.org /httpdocs/HTML/20021207_France/HTML DSCN1289.html
2002.12.12 20:15 B d:\Backup\Christmas2002\2002\Album\MossorDL\20021207_France\HTML\DSCN1290.html --> ftp.mossor.org /httpdocs/HTML/20021207_France/HTML DSCN1290.html
2002.12.12 20:15 B d:\Backup\Christmas2002\2002\Album\MossorDL\20021207_France\HTML\DSCN1291.html --> ftp.mossor.org /httpdocs/HTML/20021207_France/HTML DSCN1291.html
2002.12.12 20:15 B d:\Backup\Christmas2002\2002\Album\MossorDL\20021207_France\HTML\DSCN1292.html --> ftp.mossor.org /httpdocs/HTML/20021207_France/HTML DSCN1292.html
2002.12.12 20:16 B d:\Backup\Christmas2002\2002\Album\MossorDL\20021207_France\HTML\DSCN1294.html --> ftp.mossor.org /httpdocs/HTML/20021207_France/HTML DSCN1294.html
2002.12.12 20:16 B d:\Backup\Christmas2002\2002\Album\MossorDL\20021207_France\HTML\DSCN1295.html --> ftp.mossor.org /httpdocs/HTML/20021207_France/HTML DSCN1295.html
2002.12.12 20:16 B d:\Backup\Christmas2002\2002\Album\MossorDL\20021207_France\HTML\DSCN1296.html --> ftp.mossor.org /httpdocs/HTML/20021207_France/HTML DSCN1296.html
2002.12.12 20:16 B d:\Backup\Christmas2002\2002\Album\MossorDL\20021207_France\HTML\DSCN1298.html --> ftp.mossor.org /httpdocs/HTML/20021207_France/HTML DSCN1298.html
2002.12.12 20:16 B d:\Backup\Christmas2002\2002\Album\MossorDL\20021207_France\HTML\DSCN1299.html --> ftp.mossor.org /httpdocs/HTML/20021207_France/HTML DSCN1299.html
2002.12.12 20:16 B d:\Backup\Christmas2002\2002\Album\MossorDL\20021207_France\HTML\DSCN1300.html --> ftp.mossor.org /httpdocs/HTML/20021207_France/HTML DSCN1300.html
2002.12.12 20:16 B d:\Backup\Christmas2002\2002\Album\MossorDL\20021207_France\HTML\DSCN1301.html --> ftp.mossor.org /httpdocs/HTML/20021207_France/HTML DSCN1301.html
2002.12.12 20:16 B d:\Backup\Christmas2002\2002\Album\MossorDL\20021207_France\HTML\DSCN1304.html --> ftp.mossor.org /httpdocs/HTML/20021207_France/HTML DSCN1304.html
2002.12.12 20:17 B d:\Backup\Christmas2002\2002\Album\MossorDL\20021207_France\HTML\DSCN1308.html --> ftp.mossor.org /httpdocs/HTML/20021207_France/HTML DSCN1308.html
2002.12.12 20:17 B d:\Backup\Christmas2002\2002\Album\MossorDL\20021207_France\HTML\DSCN1309.html --> ftp.mossor.org /httpdocs/HTML/20021207_France/HTML DSCN1309.html
2002.12.12 20:17 B d:\Backup\Christmas2002\2002\Album\MossorDL\20021207_France\HTML\DSCN1313.html --> ftp.mossor.org /httpdocs/HTML/20021207_France/HTML DSCN1313.html
2002.12.12 20:17 B d:\Backup\Christmas2002\2002\Album\MossorDL\20021207_France\HTML\DSCN1314.html --> ftp.mossor.org /httpdocs/HTML/20021207_France/HTML DSCN1314.html
2002.12.12 20:17 B d:\Backup\Christmas2002\2002\Album\MossorDL\20021207_France\HTML\DSCN1315.html --> ftp.mossor.org /httpdocs/HTML/20021207_France/HTML DSCN1315.html
2002.12.12 20:17 B d:\Backup\Christmas2002\2002\Album\MossorDL\20021207_France\HTML\DSCN1317.html --> ftp.mossor.org /httpdocs/HTML/20021207_France/HTML DSCN1317.html
2002.12.12 20:17 B d:\Backup\Christmas2002\2002\Album\MossorDL\20021207_France\HTML\DSCN1318.html --> ftp.mossor.org /httpdocs/HTML/20021207_France/HTML DSCN1318.html
2002.12.12 20:17 B d:\Backup\Christmas2002\2002\Album\MossorDL\20021207_France\HTML\DSCN1319.html --> ftp.mossor.org /httpdocs/HTML/20021207_France/HTML DSCN1319.html
2002.12.12 20:18 B d:\Backup\Christmas2002\2002\Album\MossorDL\20021207_France\HTML\DSCN1320.html --> ftp.mossor.org /httpdocs/HTML/20021207_France/HTML DSCN1320.html
2002.12.12 20:18 B d:\Backup\Christmas2002\2002\Album\MossorDL\20021207_France\HTML\DSCN1322.html --> ftp.mossor.org /httpdocs/HTML/20021207_France/HTML DSCN1322.html
2002.12.12 20:18 B d:\Backup\Christmas2002\2002\Album\MossorDL\20021207_France\HTML\DSCN1323.html --> ftp.mossor.org /httpdocs/HTML/20021207_France/HTML DSCN1323.html
2002.12.12 20:18 B d:\Backup\Christmas2002\2002\Album\MossorDL\20021207_France\HTML\DSCN1324.html --> ftp.mossor.org /httpdocs/HTML/20021207_France/HTML DSCN1324.html
2002.12.12 20:18 B d:\Backup\Christmas2002\2002\Album\MossorDL\20021207_France\HTML\DSCN1325.html --> ftp.mossor.org /httpdocs/HTML/20021207_France/HTML DSCN1325.html
2002.12.12 20:18 B d:\Backup\Christmas2002\2002\Album\MossorDL\20021207_France\HTML\DSCN1326.html --> ftp.mossor.org /httpdocs/HTML/20021207_France/HTML DSCN1326.html
2002.12.12 20:18 B d:\Backup\Christmas2002\2002\Album\MossorDL\20021207_France\HTML\DSCN1328.html --> ftp.mossor.org /httpdocs/HTML/20021207_France/HTML DSCN1328.html
2002.12.12 20:18 B d:\Backup\Christmas2002\2002\Album\MossorDL\20021207_France\HTML\DSCN1329.html --> ftp.mossor.org /httpdocs/HTML/20021207_France/HTML DSCN1329.html
2002.12.12 20:18 B d:\Backup\Christmas2002\2002\Album\MossorDL\20021207_France\HTML\DSCN1330.html --> ftp.mossor.org /httpdocs/HTML/20021207_France/HTML DSCN1330.html
2002.12.12 20:18 B d:\Backup\Christmas2002\2002\Album\MossorDL\20021207_France\HTML\DSCN1331.html --> ftp.mossor.org /httpdocs/HTML/20021207_France/HTML DSCN1331.html
2002.12.12 20:19 B d:\Backup\Christmas2002\2002\Album\MossorDL\20021207_France\HTML\DSCN1332.html --> ftp.mossor.org /httpdocs/HTML/20021207_France/HTML DSCN1332.html
2002.12.12 20:19 B d:\Backup\Christmas2002\2002\Album\MossorDL\20021207_France\HTML\DSCN1333.html --> ftp.mossor.org /httpdocs/HTML/20021207_France/HTML DSCN1333.html
2002.12.12 20:19 B d:\Backup\Christmas2002\2002\Album\MossorDL\20021207_France\HTML\DSCN1334.html --> ftp.mossor.org /httpdocs/HTML/20021207_France/HTML DSCN1334.html
2002.12.12 20:19 B d:\Backup\Christmas2002\2002\Album\MossorDL\20021207_France\HTML\DSCN1336.html --> ftp.mossor.org /httpdocs/HTML/20021207_France/HTML DSCN1336.html
2002.12.12 20:19 B d:\Backup\Christmas2002\2002\Album\MossorDL\20021207_France\HTML\DSCN1337.html --> ftp.mossor.org /httpdocs/HTML/20021207_France/HTML DSCN1337.html
2002.12.12 20:19 B d:\Backup\Christmas2002\2002\Album\MossorDL\20021207_France\HTML\DSCN1338.html --> ftp.mossor.org /httpdocs/HTML/20021207_France/HTML DSCN1338.html
2002.12.12 20:19 B d:\Backup\Christmas2002\2002\Album\MossorDL\20021207_France\HTML\DSCN1341.html --> ftp.mossor.org /httpdocs/HTML/20021207_France/HTML DSCN1341.html
2002.12.12 20:19 B d:\Backup\Christmas2002\2002\Album\MossorDL\20021207_France\HTML\DSCN1345.html --> ftp.mossor.org /httpdocs/HTML/20021207_France/HTML DSCN1345.html
2002.12.12 20:19 B d:\Backup\Christmas2002\2002\Album\MossorDL\20021207_France\HTML\DSCN1347.html --> ftp.mossor.org /httpdocs/HTML/20021207_France/HTML DSCN1347.html
2002.12.12 20:20 B d:\Backup\Christmas2002\2002\Album\MossorDL\20021207_France\HTML\DSCN1348.html --> ftp.mossor.org /httpdocs/HTML/20021207_France/HTML DSCN1348.html
2002.12.12 20:20 B d:\Backup\Christmas2002\2002\Album\MossorDL\20021207_France\HTML\DSCN1349.html --> ftp.mossor.org /httpdocs/HTML/20021207_France/HTML DSCN1349.html
2002.12.12 20:20 B d:\Backup\Christmas2002\2002\Album\MossorDL\20021207_France\HTML\DSCN1351.html --> ftp.mossor.org /httpdocs/HTML/20021207_France/HTML DSCN1351.html
2002.12.12 20:20 B d:\Backup\Christmas2002\2002\Album\MossorDL\20021207_France\HTML\DSCN1352.html --> ftp.mossor.org /httpdocs/HTML/20021207_France/HTML DSCN1352.html
2002.12.12 20:20 B d:\Backup\Christmas2002\2002\Album\MossorDL\20021207_France\HTML\DSCN1357.html --> ftp.mossor.org /httpdocs/HTML/20021207_France/HTML DSCN1357.html
2002.12.12 20:20 B d:\Backup\Christmas2002\2002\Album\MossorDL\20021207_France\HTML\DSCN1358.html --> ftp.mossor.org /httpdocs/HTML/20021207_France/HTML DSCN1358.html
2002.12.12 20:20 B d:\Backup\Christmas2002\2002\Album\MossorDL\20021207_France\HTML\DSCN1359.html --> ftp.mossor.org /httpdocs/HTML/20021207_France/HTML DSCN1359.html
2002.12.12 20:20 B d:\Backup\Christmas2002\2002\Album\MossorDL\20021207_France\HTML\DSCN1361.html --> ftp.mossor.org /httpdocs/HTML/20021207_France/HTML DSCN1361.html
2002.12.12 20:20 B d:\Backup\Christmas2002\2002\Album\MossorDL\20021207_France\HTML\DSCN1365.html --> ftp.mossor.org /httpdocs/HTML/20021207_France/HTML DSCN1365.html
2002.12.12 20:20 B d:\Backup\Christmas2002\2002\Album\MossorDL\20021207_France\HTML\DSCN1366.html --> ftp.mossor.org /httpdocs/HTML/20021207_France/HTML DSCN1366.html
2002.12.12 20:21 B d:\Backup\Christmas2002\2002\Album\MossorDL\20021207_France\HTML\DSCN1367.html --> ftp.mossor.org /httpdocs/HTML/20021207_France/HTML DSCN1367.html
2002.12.12 20:21 B d:\Backup\Christmas2002\2002\Album\MossorDL\20021207_France\HTML\DSCN1369.html --> ftp.mossor.org /httpdocs/HTML/20021207_France/HTML DSCN1369.html
2002.12.12 20:21 B d:\Backup\Christmas2002\2002\Album\MossorDL\20021207_France\HTML\DSCN1374.html --> ftp.mossor.org /httpdocs/HTML/20021207_France/HTML DSCN1374.html
2002.12.12 20:21 B d:\Backup\Christmas2002\2002\Album\MossorDL\20021207_France\HTML\DSCN1375.html --> ftp.mossor.org /httpdocs/HTML/20021207_France/HTML DSCN1375.html
2002.12.12 20:21 B d:\Backup\Christmas2002\2002\Album\MossorDL\20021207_France\HTML\DSCN1376.html --> ftp.mossor.org /httpdocs/HTML/20021207_France/HTML DSCN1376.html
2002.12.12 20:21 B d:\Backup\Christmas2002\2002\Album\MossorDL\20021207_France\HTML\DSCN1377.html --> ftp.mossor.org /httpdocs/HTML/20021207_France/HTML DSCN1377.html
2002.12.12 20:21 B d:\Backup\Christmas2002\2002\Album\MossorDL\20021207_France\HTML\DSCN1378.html --> ftp.mossor.org /httpdocs/HTML/20021207_France/HTML DSCN1378.html
2002.12.12 20:21 B d:\Backup\Christmas2002\2002\Album\MossorDL\20021207_France\HTML\DSCN1379.html --> ftp.mossor.org /httpdocs/HTML/20021207_France/HTML DSCN1379.html
2002.12.12 20:21 B d:\Backup\Christmas2002\2002\Album\MossorDL\20021207_France\HTML\DSCN1390.html --> ftp.mossor.org /httpdocs/HTML/20021207_France/HTML DSCN1390.html
2002.12.12 20:21 B d:\Backup\Christmas2002\2002\Album\MossorDL\20021207_France\HTML\DSCN1392.html --> ftp.mossor.org /httpdocs/HTML/20021207_France/HTML DSCN1392.html
2002.12.12 20:22 B d:\Backup\Christmas2002\2002\Album\MossorDL\20021207_France\HTML\DSCN1393.html --> ftp.mossor.org /httpdocs/HTML/20021207_France/HTML DSCN1393.html
2002.12.12 21:53 B d:\Backup\Christmas2002\2002\Album\MossorDL\20021207_France\HTML\ArcPan.html --> ftp.mossor.org /httpdocs/HTML/20021207_France/HTML ArcPan.html
2002.12.12 21:53 B d:\Backup\Christmas2002\2002\Album\MossorDL\20021207_France\HTML\BeachPan.html --> ftp.mossor.org /httpdocs/HTML/20021207_France/HTML BeachPan.html
2002.12.12 21:53 B d:\Backup\Christmas2002\2002\Album\MossorDL\20021207_France\HTML\DSCN1280.html --> ftp.mossor.org /httpdocs/HTML/20021207_France/HTML DSCN1280.html
2002.12.12 21:53 B d:\Backup\Christmas2002\2002\Album\MossorDL\20021207_France\HTML\DSCN1281.html --> ftp.mossor.org /httpdocs/HTML/20021207_France/HTML DSCN1281.html
2002.12.12 21:53 B d:\Backup\Christmas2002\2002\Album\MossorDL\20021207_France\HTML\DSCN1282.html --> ftp.mossor.org /httpdocs/HTML/20021207_France/HTML DSCN1282.html
2002.12.12 21:53 B d:\Backup\Christmas2002\2002\Album\MossorDL\20021207_France\HTML\DSCN1283.html --> ftp.mossor.org /httpdocs/HTML/20021207_France/HTML DSCN1283.html
2002.12.12 21:53 B d:\Backup\Christmas2002\2002\Album\MossorDL\20021207_France\HTML\DSCN1286.html --> ftp.mossor.org /httpdocs/HTML/20021207_France/HTML DSCN1286.html
2002.12.12 21:54 B d:\Backup\Christmas2002\2002\Album\MossorDL\20021207_France\HTML\DSCN1287.html --> ftp.mossor.org /httpdocs/HTML/20021207_France/HTML DSCN1287.html
2002.12.12 21:54 B d:\Backup\Christmas2002\2002\Album\MossorDL\20021207_France\HTML\DSCN1288.html --> ftp.mossor.org /httpdocs/HTML/20021207_France/HTML DSCN1288.html
2002.12.12 21:54 B d:\Backup\Christmas2002\2002\Album\MossorDL\20021207_France\HTML\DSCN1289.html --> ftp.mossor.org /httpdocs/HTML/20021207_France/HTML DSCN1289.html
2002.12.12 21:54 B d:\Backup\Christmas2002\2002\Album\MossorDL\20021207_France\HTML\DSCN1290.html --> ftp.mossor.org /httpdocs/HTML/20021207_France/HTML DSCN1290.html
2002.12.12 21:54 B d:\Backup\Christmas2002\2002\Album\MossorDL\20021207_France\HTML\DSCN1291.html --> ftp.mossor.org /httpdocs/HTML/20021207_France/HTML DSCN1291.html
2002.12.12 21:54 B d:\Backup\Christmas2002\2002\Album\MossorDL\20021207_France\HTML\DSCN1292.html --> ftp.mossor.org /httpdocs/HTML/20021207_France/HTML DSCN1292.html
2002.12.12 21:54 B d:\Backup\Christmas2002\2002\Album\MossorDL\20021207_France\HTML\DSCN1294.html --> ftp.mossor.org /httpdocs/HTML/20021207_France/HTML DSCN1294.html
2002.12.12 21:54 B d:\Backup\Christmas2002\2002\Album\MossorDL\20021207_France\HTML\DSCN1295.html --> ftp.mossor.org /httpdocs/HTML/20021207_France/HTML DSCN1295.html
2002.12.12 21:54 B d:\Backup\Christmas2002\2002\Album\MossorDL\20021207_France\HTML\DSCN1296.html --> ftp.mossor.org /httpdocs/HTML/20021207_France/HTML DSCN1296.html
2002.12.12 21:54 B d:\Backup\Christmas2002\2002\Album\MossorDL\20021207_France\HTML\DSCN1298.html --> ftp.mossor.org /httpdocs/HTML/20021207_France/HTML DSCN1298.html
2002.12.12 21:54 B d:\Backup\Christmas2002\2002\Album\MossorDL\20021207_France\HTML\DSCN1299.html --> ftp.mossor.org /httpdocs/HTML/20021207_France/HTML DSCN1299.html
2002.12.12 21:54 B d:\Backup\Christmas2002\2002\Album\MossorDL\20021207_France\HTML\DSCN1300.html --> ftp.mossor.org /httpdocs/HTML/20021207_France/HTML DSCN1300.html
2002.12.12 21:54 B d:\Backup\Christmas2002\2002\Album\MossorDL\20021207_France\HTML\DSCN1301.html --> ftp.mossor.org /httpdocs/HTML/20021207_France/HTML DSCN1301.html
2002.12.12 21:54 B d:\Backup\Christmas2002\2002\Album\MossorDL\20021207_France\HTML\DSCN1304.html --> ftp.mossor.org /httpdocs/HTML/20021207_France/HTML DSCN1304.html
2002.12.12 21:54 B d:\Backup\Christmas2002\2002\Album\MossorDL\20021207_France\HTML\DSCN1308.html --> ftp.mossor.org /httpdocs/HTML/20021207_France/HTML DSCN1308.html
2002.12.12 21:55 B d:\Backup\Christmas2002\2002\Album\MossorDL\20021207_France\HTML\DSCN1309.html --> ftp.mossor.org /httpdocs/HTML/20021207_France/HTML DSCN1309.html
2002.12.12 21:55 B d:\Backup\Christmas2002\2002\Album\MossorDL\20021207_France\HTML\DSCN1313.html --> ftp.mossor.org /httpdocs/HTML/20021207_France/HTML DSCN1313.html
2002.12.12 21:55 B d:\Backup\Christmas2002\2002\Album\MossorDL\20021207_France\HTML\DSCN1314.html --> ftp.mossor.org /httpdocs/HTML/20021207_France/HTML DSCN1314.html
2002.12.12 21:55 B d:\Backup\Christmas2002\2002\Album\MossorDL\20021207_France\HTML\DSCN1315.html --> ftp.mossor.org /httpdocs/HTML/20021207_France/HTML DSCN1315.html
2002.12.12 21:55 B d:\Backup\Christmas2002\2002\Album\MossorDL\20021207_France\HTML\DSCN1317.html --> ftp.mossor.org /httpdocs/HTML/20021207_France/HTML DSCN1317.html
2002.12.12 21:55 B d:\Backup\Christmas2002\2002\Album\MossorDL\20021207_France\HTML\DSCN1318.html --> ftp.mossor.org /httpdocs/HTML/20021207_France/HTML DSCN1318.html
2002.12.12 21:55 B d:\Backup\Christmas2002\2002\Album\MossorDL\20021207_France\HTML\DSCN1319.html --> ftp.mossor.org /httpdocs/HTML/20021207_France/HTML DSCN1319.html
2002.12.12 21:55 B d:\Backup\Christmas2002\2002\Album\MossorDL\20021207_France\HTML\DSCN1320.html --> ftp.mossor.org /httpdocs/HTML/20021207_France/HTML DSCN1320.html
2002.12.12 21:55 B d:\Backup\Christmas2002\2002\Album\MossorDL\20021207_France\HTML\DSCN1322.html --> ftp.mossor.org /httpdocs/HTML/20021207_France/HTML DSCN1322.html
2002.12.12 21:55 B d:\Backup\Christmas2002\2002\Album\MossorDL\20021207_France\HTML\DSCN1323.html --> ftp.mossor.org /httpdocs/HTML/20021207_France/HTML DSCN1323.html
2002.12.12 21:55 B d:\Backup\Christmas2002\2002\Album\MossorDL\20021207_France\HTML\DSCN1324.html --> ftp.mossor.org /httpdocs/HTML/20021207_France/HTML DSCN1324.html
2002.12.12 21:55 B d:\Backup\Christmas2002\2002\Album\MossorDL\20021207_France\HTML\DSCN1325.html --> ftp.mossor.org /httpdocs/HTML/20021207_France/HTML DSCN1325.html
2002.12.12 21:55 B d:\Backup\Christmas2002\2002\Album\MossorDL\20021207_France\HTML\DSCN1326.html --> ftp.mossor.org /httpdocs/HTML/20021207_France/HTML DSCN1326.html
2002.12.12 21:56 B d:\Backup\Christmas2002\2002\Album\MossorDL\20021207_France\HTML\DSCN1328.html --> ftp.mossor.org /httpdocs/HTML/20021207_France/HTML DSCN1328.html
2002.12.12 21:56 B d:\Backup\Christmas2002\2002\Album\MossorDL\20021207_France\HTML\DSCN1329.html --> ftp.mossor.org /httpdocs/HTML/20021207_France/HTML DSCN1329.html
2002.12.12 21:56 B d:\Backup\Christmas2002\2002\Album\MossorDL\20021207_France\HTML\DSCN1330.html --> ftp.mossor.org /httpdocs/HTML/20021207_France/HTML DSCN1330.html
2002.12.12 21:56 B d:\Backup\Christmas2002\2002\Album\MossorDL\20021207_France\HTML\DSCN1331.html --> ftp.mossor.org /httpdocs/HTML/20021207_France/HTML DSCN1331.html
2002.12.12 21:56 B d:\Backup\Christmas2002\2002\Album\MossorDL\20021207_France\HTML\DSCN1332.html --> ftp.mossor.org /httpdocs/HTML/20021207_France/HTML DSCN1332.html
2002.12.12 21:56 B d:\Backup\Christmas2002\2002\Album\MossorDL\20021207_France\HTML\DSCN1333.html --> ftp.mossor.org /httpdocs/HTML/20021207_France/HTML DSCN1333.html
2002.12.12 21:56 B d:\Backup\Christmas2002\2002\Album\MossorDL\20021207_France\HTML\DSCN1334.html --> ftp.mossor.org /httpdocs/HTML/20021207_France/HTML DSCN1334.html
2002.12.12 21:56 B d:\Backup\Christmas2002\2002\Album\MossorDL\20021207_France\HTML\DSCN1336.html --> ftp.mossor.org /httpdocs/HTML/20021207_France/HTML DSCN1336.html
2002.12.12 21:56 B d:\Backup\Christmas2002\2002\Album\MossorDL\20021207_France\HTML\DSCN1337.html --> ftp.mossor.org /httpdocs/HTML/20021207_France/HTML DSCN1337.html
2002.12.12 21:56 B d:\Backup\Christmas2002\2002\Album\MossorDL\20021207_France\HTML\DSCN1338.html --> ftp.mossor.org /httpdocs/HTML/20021207_France/HTML DSCN1338.html
2002.12.12 21:56 B d:\Backup\Christmas2002\2002\Album\MossorDL\20021207_France\HTML\DSCN1341.html --> ftp.mossor.org /httpdocs/HTML/20021207_France/HTML DSCN1341.html
2002.12.12 21:56 B d:\Backup\Christmas2002\2002\Album\MossorDL\20021207_France\HTML\DSCN1345.html --> ftp.mossor.org /httpdocs/HTML/20021207_France/HTML DSCN1345.html
2002.12.12 21:56 B d:\Backup\Christmas2002\2002\Album\MossorDL\20021207_France\HTML\DSCN1347.html --> ftp.mossor.org /httpdocs/HTML/20021207_France/HTML DSCN1347.html
2002.12.12 21:56 B d:\Backup\Christmas2002\2002\Album\MossorDL\20021207_France\HTML\DSCN1348.html --> ftp.mossor.org /httpdocs/HTML/20021207_France/HTML DSCN1348.html
2002.12.12 21:57 B d:\Backup\Christmas2002\2002\Album\MossorDL\20021207_France\HTML\DSCN1349.html --> ftp.mossor.org /httpdocs/HTML/20021207_France/HTML DSCN1349.html
2002.12.12 21:57 B d:\Backup\Christmas2002\2002\Album\MossorDL\20021207_France\HTML\DSCN1351.html --> ftp.mossor.org /httpdocs/HTML/20021207_France/HTML DSCN1351.html
2002.12.12 21:57 B d:\Backup\Christmas2002\2002\Album\MossorDL\20021207_France\HTML\DSCN1352.html --> ftp.mossor.org /httpdocs/HTML/20021207_France/HTML DSCN1352.html
2002.12.12 21:57 B d:\Backup\Christmas2002\2002\Album\MossorDL\20021207_France\HTML\DSCN1357.html --> ftp.mossor.org /httpdocs/HTML/20021207_France/HTML DSCN1357.html
2002.12.12 21:57 B d:\Backup\Christmas2002\2002\Album\MossorDL\20021207_France\HTML\DSCN1358.html --> ftp.mossor.org /httpdocs/HTML/20021207_France/HTML DSCN1358.html
2002.12.12 21:57 B d:\Backup\Christmas2002\2002\Album\MossorDL\20021207_France\HTML\DSCN1359.html --> ftp.mossor.org /httpdocs/HTML/20021207_France/HTML DSCN1359.html
2002.12.12 21:57 B d:\Backup\Christmas2002\2002\Album\MossorDL\20021207_France\HTML\DSCN1361.html --> ftp.mossor.org /httpdocs/HTML/20021207_France/HTML DSCN1361.html
2002.12.12 21:57 B d:\Backup\Christmas2002\2002\Album\MossorDL\20021207_France\HTML\DSCN1365.html --> ftp.mossor.org /httpdocs/HTML/20021207_France/HTML DSCN1365.html
2002.12.12 21:57 B d:\Backup\Christmas2002\2002\Album\MossorDL\20021207_France\HTML\DSCN1366.html --> ftp.mossor.org /httpdocs/HTML/20021207_France/HTML DSCN1366.html
2002.12.12 21:57 B d:\Backup\Christmas2002\2002\Album\MossorDL\20021207_France\HTML\DSCN1367.html --> ftp.mossor.org /httpdocs/HTML/20021207_France/HTML DSCN1367.html
2002.12.12 21:57 B d:\Backup\Christmas2002\2002\Album\MossorDL\20021207_France\HTML\DSCN1369.html --> ftp.mossor.org /httpdocs/HTML/20021207_France/HTML DSCN1369.html
2002.12.12 21:58 B d:\Backup\Christmas2002\2002\Album\MossorDL\20021207_France\HTML\DSCN1374.html --> ftp.mossor.org /httpdocs/HTML/20021207_France/HTML DSCN1374.html
2002.12.12 21:58 B d:\Backup\Christmas2002\2002\Album\MossorDL\20021207_France\HTML\DSCN1375.html --> ftp.mossor.org /httpdocs/HTML/20021207_France/HTML DSCN1375.html
2002.12.12 21:58 B d:\Backup\Christmas2002\2002\Album\MossorDL\20021207_France\HTML\DSCN1376.html --> ftp.mossor.org /httpdocs/HTML/20021207_France/HTML DSCN1376.html
2002.12.12 21:58 B d:\Backup\Christmas2002\2002\Album\MossorDL\20021207_France\HTML\DSCN1377.html --> ftp.mossor.org /httpdocs/HTML/20021207_France/HTML DSCN1377.html
2002.12.12 21:58 B d:\Backup\Christmas2002\2002\Album\MossorDL\20021207_France\HTML\DSCN1378.html --> ftp.mossor.org /httpdocs/HTML/20021207_France/HTML DSCN1378.html
2002.12.12 21:58 B d:\Backup\Christmas2002\2002\Album\MossorDL\20021207_France\HTML\DSCN1379.html --> ftp.mossor.org /httpdocs/HTML/20021207_France/HTML DSCN1379.html
2002.12.12 21:58 B d:\Backup\Christmas2002\2002\Album\MossorDL\20021207_France\HTML\DSCN1390.html --> ftp.mossor.org /httpdocs/HTML/20021207_France/HTML DSCN1390.html
2002.12.12 21:58 B d:\Backup\Christmas2002\2002\Album\MossorDL\20021207_France\HTML\DSCN1392.html --> ftp.mossor.org /httpdocs/HTML/20021207_France/HTML DSCN1392.html
2002.12.12 21:58 B d:\Backup\Christmas2002\2002\Album\MossorDL\20021207_France\HTML\DSCN1393.html --> ftp.mossor.org /httpdocs/HTML/20021207_France/HTML DSCN1393.html
2002.12.12 21:58 B d:\Backup\Christmas2002\2002\Album\MossorDL\20021207_France\HTML\DSCN1394.html --> ftp.mossor.org /httpdocs/HTML/20021207_France/HTML DSCN1394.html
2002.12.12 21:58 B d:\Backup\Christmas2002\2002\Album\MossorDL\20021207_France\HTML\DSCN1395.html --> ftp.mossor.org /httpdocs/HTML/20021207_France/HTML DSCN1395.html
2002.12.12 21:59 B d:\Backup\Christmas2002\2002\Album\MossorDL\20021207_France\HTML\DSCN1396.html --> ftp.mossor.org /httpdocs/HTML/20021207_France/HTML DSCN1396.html
2002.12.12 21:59 B d:\Backup\Christmas2002\2002\Album\MossorDL\20021207_France\HTML\DSCN1397.html --> ftp.mossor.org /httpdocs/HTML/20021207_France/HTML DSCN1397.html
2002.12.12 21:59 B d:\Backup\Christmas2002\2002\Album\MossorDL\20021207_France\HTML\DSCN1398.html --> ftp.mossor.org /httpdocs/HTML/20021207_France/HTML DSCN1398.html
2002.12.12 21:59 B d:\Backup\Christmas2002\2002\Album\MossorDL\20021207_France\HTML\DSCN1399.html --> ftp.mossor.org /httpdocs/HTML/20021207_France/HTML DSCN1399.html
2002.12.12 21:59 B d:\Backup\Christmas2002\2002\Album\MossorDL\20021207_France\HTML\DSCN1400.html --> ftp.mossor.org /httpdocs/HTML/20021207_France/HTML DSCN1400.html
2002.12.12 21:59 B d:\Backup\Christmas2002\2002\Album\MossorDL\20021207_France\HTML\DSCN1403.html --> ftp.mossor.org /httpdocs/HTML/20021207_France/HTML DSCN1403.html
2002.12.12 21:59 B d:\Backup\Christmas2002\2002\Album\MossorDL\20021207_France\HTML\DSCN1404.html --> ftp.mossor.org /httpdocs/HTML/20021207_France/HTML DSCN1404.html
2002.12.12 21:59 B d:\Backup\Christmas2002\2002\Album\MossorDL\20021207_France\HTML\DSCN1407.html --> ftp.mossor.org /httpdocs/HTML/20021207_France/HTML DSCN1407.html
2002.12.12 21:59 B d:\Backup\Christmas2002\2002\Album\MossorDL\20021207_France\HTML\DSCN1408.html --> ftp.mossor.org /httpdocs/HTML/20021207_France/HTML DSCN1408.html
2002.12.12 21:59 B d:\Backup\Christmas2002\2002\Album\MossorDL\20021207_France\HTML\DSCN1413.html --> ftp.mossor.org /httpdocs/HTML/20021207_France/HTML DSCN1413.html
2002.12.12 22:00 B d:\Backup\Christmas2002\2002\Album\MossorDL\20021207_France\HTML\DSCN1415.html --> ftp.mossor.org /httpdocs/HTML/20021207_France/HTML DSCN1415.html
2002.12.12 22:00 B d:\Backup\Christmas2002\2002\Album\MossorDL\20021207_France\HTML\DSCN1418.html --> ftp.mossor.org /httpdocs/HTML/20021207_France/HTML DSCN1418.html
2002.12.12 22:00 B d:\Backup\Christmas2002\2002\Album\MossorDL\20021207_France\HTML\DSCN1419.html --> ftp.mossor.org /httpdocs/HTML/20021207_France/HTML DSCN1419.html
2002.12.12 22:00 B d:\Backup\Christmas2002\2002\Album\MossorDL\20021207_France\HTML\DSCN1420_b.html --> ftp.mossor.org /httpdocs/HTML/20021207_France/HTML DSCN1420_b.html
2002.12.12 22:00 B d:\Backup\Christmas2002\2002\Album\MossorDL\20021207_France\HTML\DSCN1422.html --> ftp.mossor.org /httpdocs/HTML/20021207_France/HTML DSCN1422.html
2002.12.12 22:00 B d:\Backup\Christmas2002\2002\Album\MossorDL\20021207_France\HTML\DSCN1424.html --> ftp.mossor.org /httpdocs/HTML/20021207_France/HTML DSCN1424.html
2002.12.12 22:00 B d:\Backup\Christmas2002\2002\Album\MossorDL\20021207_France\HTML\DSCN1425.html --> ftp.mossor.org /httpdocs/HTML/20021207_France/HTML DSCN1425.html
2002.12.12 22:00 B d:\Backup\Christmas2002\2002\Album\MossorDL\20021207_France\HTML\Picture_003.html --> ftp.mossor.org /httpdocs/HTML/20021207_France/HTML Picture_003.html
2002.12.12 22:00 B d:\Backup\Christmas2002\2002\Album\MossorDL\20021207_France\HTML\Picture_004.html --> ftp.mossor.org /httpdocs/HTML/20021207_France/HTML Picture_004.html
2002.12.12 22:00 B d:\Backup\Christmas2002\2002\Album\MossorDL\20021207_France\HTML\Picture_006.html --> ftp.mossor.org /httpdocs/HTML/20021207_France/HTML Picture_006.html
2002.12.12 22:00 B d:\Backup\Christmas2002\2002\Album\MossorDL\20021207_France\HTML\Picture_007.html --> ftp.mossor.org /httpdocs/HTML/20021207_France/HTML Picture_007.html
2002.12.12 22:01 B d:\Backup\Christmas2002\2002\Album\MossorDL\20021207_France\HTML\Picture_008.html --> ftp.mossor.org /httpdocs/HTML/20021207_France/HTML Picture_008.html
2002.12.12 22:01 B d:\Backup\Christmas2002\2002\Album\MossorDL\20021207_France\HTML\Picture_010.html --> ftp.mossor.org /httpdocs/HTML/20021207_France/HTML Picture_010.html
2002.12.12 22:01 B d:\Backup\Christmas2002\2002\Album\MossorDL\20021207_France\HTML\Picture_011.html --> ftp.mossor.org /httpdocs/HTML/20021207_France/HTML Picture_011.html
2002.12.12 22:01 B d:\Backup\Christmas2002\2002\Album\MossorDL\20021207_France\HTML\Picture_012.html --> ftp.mossor.org /httpdocs/HTML/20021207_France/HTML Picture_012.html
2002.12.12 22:01 B d:\Backup\Christmas2002\2002\Album\MossorDL\20021207_France\HTML\Picture_014.html --> ftp.mossor.org /httpdocs/HTML/20021207_France/HTML Picture_014.html
2002.12.12 22:01 B d:\Backup\Christmas2002\2002\Album\MossorDL\20021207_France\HTML\Picture_015.html --> ftp.mossor.org /httpdocs/HTML/20021207_France/HTML Picture_015.html
2002.12.12 22:01 B d:\Backup\Christmas2002\2002\Album\MossorDL\20021207_France\HTML\Picture_016.html --> ftp.mossor.org /httpdocs/HTML/20021207_France/HTML Picture_016.html
2002.12.12 22:01 B d:\Backup\Christmas2002\2002\Album\MossorDL\20021207_France\HTML\Picture_017.html --> ftp.mossor.org /httpdocs/HTML/20021207_France/HTML Picture_017.html
2002.12.12 22:01 B d:\Backup\Christmas2002\2002\Album\MossorDL\20021207_France\HTML\Picture_018.html --> ftp.mossor.org /httpdocs/HTML/20021207_France/HTML Picture_018.html
2002.12.12 22:01 B d:\Backup\Christmas2002\2002\Album\MossorDL\20021207_France\HTML\Picture_019.html --> ftp.mossor.org /httpdocs/HTML/20021207_France/HTML Picture_019.html
2002.12.12 22:01 B d:\Backup\Christmas2002\2002\Album\MossorDL\20021207_France\HTML\Picture_020.html --> ftp.mossor.org /httpdocs/HTML/20021207_France/HTML Picture_020.html
2002.12.12 22:02 B d:\Backup\Christmas2002\2002\Album\MossorDL\20021207_France\HTML\Picture_021.html --> ftp.mossor.org /httpdocs/HTML/20021207_France/HTML Picture_021.html
2002.12.12 22:02 B d:\Backup\Christmas2002\2002\Album\MossorDL\20021207_France\HTML\Picture_022.html --> ftp.mossor.org /httpdocs/HTML/20021207_France/HTML Picture_022.html
2002.12.12 22:02 B d:\Backup\Christmas2002\2002\Album\MossorDL\20021207_France\HTML\Picture_023.html --> ftp.mossor.org /httpdocs/HTML/20021207_France/HTML Picture_023.html
2002.12.12 22:02 B d:\Backup\Christmas2002\2002\Album\MossorDL\20021207_France\HTML\Picture_024.html --> ftp.mossor.org /httpdocs/HTML/20021207_France/HTML Picture_024.html
2002.12.12 22:02 B d:\Backup\Christmas2002\2002\Album\MossorDL\20021207_France\HTML\Picture_026.html --> ftp.mossor.org /httpdocs/HTML/20021207_France/HTML Picture_026.html
2002.12.12 22:02 B d:\Backup\Christmas2002\2002\Album\MossorDL\20021207_France\HTML\Picture_031.html --> ftp.mossor.org /httpdocs/HTML/20021207_France/HTML Picture_031.html
2002.12.12 22:02 B d:\Backup\Christmas2002\2002\Album\MossorDL\20021207_France\HTML\Picture_033.html --> ftp.mossor.org /httpdocs/HTML/20021207_France/HTML Picture_033.html
2002.12.12 22:02 B d:\Backup\Christmas2002\2002\Album\MossorDL\20021207_France\HTML\Picture_035.html --> ftp.mossor.org /httpdocs/HTML/20021207_France/HTML Picture_035.html
2002.12.12 22:02 B d:\Backup\Christmas2002\2002\Album\MossorDL\20021207_France\HTML\Picture_036.html --> ftp.mossor.org /httpdocs/HTML/20021207_France/HTML Picture_036.html
2002.12.12 22:02 B d:\Backup\Christmas2002\2002\Album\MossorDL\20021207_France\HTML\Picture_038.html --> ftp.mossor.org /httpdocs/HTML/20021207_France/HTML Picture_038.html
2002.12.12 22:02 B d:\Backup\Christmas2002\2002\Album\MossorDL\20021207_France\HTML\Picture_039.html --> ftp.mossor.org /httpdocs/HTML/20021207_France/HTML Picture_039.html
2002.12.12 22:02 B d:\Backup\Christmas2002\2002\Album\MossorDL\20021207_France\HTML\Picture_040.html --> ftp.mossor.org /httpdocs/HTML/20021207_France/HTML Picture_040.html
2002.12.12 22:03 B d:\Backup\Christmas2002\2002\Album\MossorDL\20021207_France\HTML\Picture_047.html --> ftp.mossor.org /httpdocs/HTML/20021207_France/HTML Picture_047.html
2002.12.12 22:03 B d:\Backup\Christmas2002\2002\Album\MossorDL\20021207_France\HTML\Picture_049.html --> ftp.mossor.org /httpdocs/HTML/20021207_France/HTML Picture_049.html
2002.12.12 22:03 B d:\Backup\Christmas2002\2002\Album\MossorDL\20021207_France\HTML\Picture_050.html --> ftp.mossor.org /httpdocs/HTML/20021207_France/HTML Picture_050.html
2002.12.12 22:03 B d:\Backup\Christmas2002\2002\Album\MossorDL\20021207_France\HTML\WS_FTP.LOG --> ftp.mossor.org /httpdocs/HTML/20021207_France/HTML WS_FTP.LOG
2002.12.15 10:19 B d:\Backup\Christmas2002\2002\Album\MossorDL\20021207_France\HTML\ArcPan.html --> ftp.mossor.org /httpdocs/HTML/20021207_France/HTML ArcPan.html
2002.12.15 10:19 B d:\Backup\Christmas2002\2002\Album\MossorDL\20021207_France\HTML\BeachPan.html --> ftp.mossor.org /httpdocs/HTML/20021207_France/HTML BeachPan.html
2002.12.15 10:19 B d:\Backup\Christmas2002\2002\Album\MossorDL\20021207_France\HTML\DSCN1280.html --> ftp.mossor.org /httpdocs/HTML/20021207_France/HTML DSCN1280.html
2002.12.15 10:19 B d:\Backup\Christmas2002\2002\Album\MossorDL\20021207_France\HTML\DSCN1281.html --> ftp.mossor.org /httpdocs/HTML/20021207_France/HTML DSCN1281.html
2002.12.15 10:19 B d:\Backup\Christmas2002\2002\Album\MossorDL\20021207_France\HTML\DSCN1282.html --> ftp.mossor.org /httpdocs/HTML/20021207_France/HTML DSCN1282.html
2002.12.15 10:19 B d:\Backup\Christmas2002\2002\Album\MossorDL\20021207_France\HTML\DSCN1283.html --> ftp.mossor.org /httpdocs/HTML/20021207_France/HTML DSCN1283.html
2002.12.15 10:19 B d:\Backup\Christmas2002\2002\Album\MossorDL\20021207_France\HTML\DSCN1286.html --> ftp.mossor.org /httpdocs/HTML/20021207_France/HTML DSCN1286.html
2002.12.15 10:19 B d:\Backup\Christmas2002\2002\Album\MossorDL\20021207_France\HTML\DSCN1287.html --> ftp.mossor.org /httpdocs/HTML/20021207_France/HTML DSCN1287.html
2002.12.15 10:19 B d:\Backup\Christmas2002\2002\Album\MossorDL\20021207_France\HTML\DSCN1288.html --> ftp.mossor.org /httpdocs/HTML/20021207_France/HTML DSCN1288.html
2002.12.15 10:19 B d:\Backup\Christmas2002\2002\Album\MossorDL\20021207_France\HTML\DSCN1289.html --> ftp.mossor.org /httpdocs/HTML/20021207_France/HTML DSCN1289.html
2002.12.15 10:19 B d:\Backup\Christmas2002\2002\Album\MossorDL\20021207_France\HTML\DSCN1290.html --> ftp.mossor.org /httpdocs/HTML/20021207_France/HTML DSCN1290.html
2002.12.15 10:19 B d:\Backup\Christmas2002\2002\Album\MossorDL\20021207_France\HTML\DSCN1291.html --> ftp.mossor.org /httpdocs/HTML/20021207_France/HTML DSCN1291.html
2002.12.15 10:20 B d:\Backup\Christmas2002\2002\Album\MossorDL\20021207_France\HTML\DSCN1292.html --> ftp.mossor.org /httpdocs/HTML/20021207_France/HTML DSCN1292.html
2002.12.15 10:20 B d:\Backup\Christmas2002\2002\Album\MossorDL\20021207_France\HTML\DSCN1294.html --> ftp.mossor.org /httpdocs/HTML/20021207_France/HTML DSCN1294.html
2002.12.15 10:20 B d:\Backup\Christmas2002\2002\Album\MossorDL\20021207_France\HTML\DSCN1295.html --> ftp.mossor.org /httpdocs/HTML/20021207_France/HTML DSCN1295.html
2002.12.15 10:20 B d:\Backup\Christmas2002\2002\Album\MossorDL\20021207_France\HTML\DSCN1296.html --> ftp.mossor.org /httpdocs/HTML/20021207_France/HTML DSCN1296.html
2002.12.15 10:20 B d:\Backup\Christmas2002\2002\Album\MossorDL\20021207_France\HTML\DSCN1298.html --> ftp.mossor.org /httpdocs/HTML/20021207_France/HTML DSCN1298.html
2002.12.15 10:20 B d:\Backup\Christmas2002\2002\Album\MossorDL\20021207_France\HTML\DSCN1299.html --> ftp.mossor.org /httpdocs/HTML/20021207_France/HTML DSCN1299.html
2002.12.15 10:20 B d:\Backup\Christmas2002\2002\Album\MossorDL\20021207_France\HTML\DSCN1300.html --> ftp.mossor.org /httpdocs/HTML/20021207_France/HTML DSCN1300.html
2002.12.15 10:20 B d:\Backup\Christmas2002\2002\Album\MossorDL\20021207_France\HTML\DSCN1301.html --> ftp.mossor.org /httpdocs/HTML/20021207_France/HTML DSCN1301.html
2002.12.15 10:20 B d:\Backup\Christmas2002\2002\Album\MossorDL\20021207_France\HTML\DSCN1304.html --> ftp.mossor.org /httpdocs/HTML/20021207_France/HTML DSCN1304.html
2002.12.15 10:20 B d:\Backup\Christmas2002\2002\Album\MossorDL\20021207_France\HTML\DSCN1308.html --> ftp.mossor.org /httpdocs/HTML/20021207_France/HTML DSCN1308.html
2002.12.15 10:20 B d:\Backup\Christmas2002\2002\Album\MossorDL\20021207_France\HTML\DSCN1309.html --> ftp.mossor.org /httpdocs/HTML/20021207_France/HTML DSCN1309.html
2002.12.15 10:20 B d:\Backup\Christmas2002\2002\Album\MossorDL\20021207_France\HTML\DSCN1313.html --> ftp.mossor.org /httpdocs/HTML/20021207_France/HTML DSCN1313.html
2002.12.15 10:20 B d:\Backup\Christmas2002\2002\Album\MossorDL\20021207_France\HTML\DSCN1314.html --> ftp.mossor.org /httpdocs/HTML/20021207_France/HTML DSCN1314.html
2002.12.15 10:20 B d:\Backup\Christmas2002\2002\Album\MossorDL\20021207_France\HTML\DSCN1315.html --> ftp.mossor.org /httpdocs/HTML/20021207_France/HTML DSCN1315.html
2002.12.15 10:21 B d:\Backup\Christmas2002\2002\Album\MossorDL\20021207_France\HTML\DSCN1317.html --> ftp.mossor.org /httpdocs/HTML/20021207_France/HTML DSCN1317.html
2002.12.15 10:21 B d:\Backup\Christmas2002\2002\Album\MossorDL\20021207_France\HTML\DSCN1318.html --> ftp.mossor.org /httpdocs/HTML/20021207_France/HTML DSCN1318.html
2002.12.15 10:21 B d:\Backup\Christmas2002\2002\Album\MossorDL\20021207_France\HTML\DSCN1319.html --> ftp.mossor.org /httpdocs/HTML/20021207_France/HTML DSCN1319.html
2002.12.15 10:21 B d:\Backup\Christmas2002\2002\Album\MossorDL\20021207_France\HTML\DSCN1320.html --> ftp.mossor.org /httpdocs/HTML/20021207_France/HTML DSCN1320.html
2002.12.15 10:21 B d:\Backup\Christmas2002\2002\Album\MossorDL\20021207_France\HTML\DSCN1322.html --> ftp.mossor.org /httpdocs/HTML/20021207_France/HTML DSCN1322.html
2002.12.15 10:21 B d:\Backup\Christmas2002\2002\Album\MossorDL\20021207_France\HTML\DSCN1323.html --> ftp.mossor.org /httpdocs/HTML/20021207_France/HTML DSCN1323.html
2002.12.15 10:21 B d:\Backup\Christmas2002\2002\Album\MossorDL\20021207_France\HTML\DSCN1324.html --> ftp.mossor.org /httpdocs/HTML/20021207_France/HTML DSCN1324.html
2002.12.15 10:21 B d:\Backup\Christmas2002\2002\Album\MossorDL\20021207_France\HTML\DSCN1325.html --> ftp.mossor.org /httpdocs/HTML/20021207_France/HTML DSCN1325.html
2002.12.15 10:21 B d:\Backup\Christmas2002\2002\Album\MossorDL\20021207_France\HTML\DSCN1326.html --> ftp.mossor.org /httpdocs/HTML/20021207_France/HTML DSCN1326.html
2002.12.15 10:21 B d:\Backup\Christmas2002\2002\Album\MossorDL\20021207_France\HTML\DSCN1328.html --> ftp.mossor.org /httpdocs/HTML/20021207_France/HTML DSCN1328.html
2002.12.15 10:21 B d:\Backup\Christmas2002\2002\Album\MossorDL\20021207_France\HTML\DSCN1329.html --> ftp.mossor.org /httpdocs/HTML/20021207_France/HTML DSCN1329.html
2002.12.15 10:21 B d:\Backup\Christmas2002\2002\Album\MossorDL\20021207_France\HTML\DSCN1330.html --> ftp.mossor.org /httpdocs/HTML/20021207_France/HTML DSCN1330.html
2002.12.15 10:21 B d:\Backup\Christmas2002\2002\Album\MossorDL\20021207_France\HTML\DSCN1331.html --> ftp.mossor.org /httpdocs/HTML/20021207_France/HTML DSCN1331.html
2002.12.15 10:22 B d:\Backup\Christmas2002\2002\Album\MossorDL\20021207_France\HTML\DSCN1332.html --> ftp.mossor.org /httpdocs/HTML/20021207_France/HTML DSCN1332.html
2002.12.15 10:22 B d:\Backup\Christmas2002\2002\Album\MossorDL\20021207_France\HTML\DSCN1333.html --> ftp.mossor.org /httpdocs/HTML/20021207_France/HTML DSCN1333.html
2002.12.15 10:22 B d:\Backup\Christmas2002\2002\Album\MossorDL\20021207_France\HTML\DSCN1334.html --> ftp.mossor.org /httpdocs/HTML/20021207_France/HTML DSCN1334.html
2002.12.15 10:22 B d:\Backup\Christmas2002\2002\Album\MossorDL\20021207_France\HTML\DSCN1336.html --> ftp.mossor.org /httpdocs/HTML/20021207_France/HTML DSCN1336.html
2002.12.15 10:22 B d:\Backup\Christmas2002\2002\Album\MossorDL\20021207_France\HTML\DSCN1337.html --> ftp.mossor.org /httpdocs/HTML/20021207_France/HTML DSCN1337.html
2002.12.15 10:22 B d:\Backup\Christmas2002\2002\Album\MossorDL\20021207_France\HTML\DSCN1338.html --> ftp.mossor.org /httpdocs/HTML/20021207_France/HTML DSCN1338.html
2002.12.15 10:22 B d:\Backup\Christmas2002\2002\Album\MossorDL\20021207_France\HTML\DSCN1341.html --> ftp.mossor.org /httpdocs/HTML/20021207_France/HTML DSCN1341.html
2002.12.15 10:22 B d:\Backup\Christmas2002\2002\Album\MossorDL\20021207_France\HTML\DSCN1345.html --> ftp.mossor.org /httpdocs/HTML/20021207_France/HTML DSCN1345.html
2002.12.15 10:22 B d:\Backup\Christmas2002\2002\Album\MossorDL\20021207_France\HTML\DSCN1347.html --> ftp.mossor.org /httpdocs/HTML/20021207_France/HTML DSCN1347.html
2002.12.15 10:22 B d:\Backup\Christmas2002\2002\Album\MossorDL\20021207_France\HTML\DSCN1348.html --> ftp.mossor.org /httpdocs/HTML/20021207_France/HTML DSCN1348.html
2002.12.15 10:22 B d:\Backup\Christmas2002\2002\Album\MossorDL\20021207_France\HTML\DSCN1349.html --> ftp.mossor.org /httpdocs/HTML/20021207_France/HTML DSCN1349.html
2002.12.15 10:22 B d:\Backup\Christmas2002\2002\Album\MossorDL\20021207_France\HTML\DSCN1351.html --> ftp.mossor.org /httpdocs/HTML/20021207_France/HTML DSCN1351.html
2002.12.15 10:22 B d:\Backup\Christmas2002\2002\Album\MossorDL\20021207_France\HTML\DSCN1352.html --> ftp.mossor.org /httpdocs/HTML/20021207_France/HTML DSCN1352.html
2002.12.15 10:22 B d:\Backup\Christmas2002\2002\Album\MossorDL\20021207_France\HTML\DSCN1357.html --> ftp.mossor.org /httpdocs/HTML/20021207_France/HTML DSCN1357.html
2002.12.15 10:22 B d:\Backup\Christmas2002\2002\Album\MossorDL\20021207_France\HTML\DSCN1358.html --> ftp.mossor.org /httpdocs/HTML/20021207_France/HTML DSCN1358.html
2002.12.15 10:23 B d:\Backup\Christmas2002\2002\Album\MossorDL\20021207_France\HTML\DSCN1359.html --> ftp.mossor.org /httpdocs/HTML/20021207_France/HTML DSCN1359.html
2002.12.15 10:23 B d:\Backup\Christmas2002\2002\Album\MossorDL\20021207_France\HTML\DSCN1361.html --> ftp.mossor.org /httpdocs/HTML/20021207_France/HTML DSCN1361.html
2002.12.15 10:23 B d:\Backup\Christmas2002\2002\Album\MossorDL\20021207_France\HTML\DSCN1365.html --> ftp.mossor.org /httpdocs/HTML/20021207_France/HTML DSCN1365.html
2002.12.15 10:23 B d:\Backup\Christmas2002\2002\Album\MossorDL\20021207_France\HTML\DSCN1366.html --> ftp.mossor.org /httpdocs/HTML/20021207_France/HTML DSCN1366.html
2002.12.15 10:23 B d:\Backup\Christmas2002\2002\Album\MossorDL\20021207_France\HTML\DSCN1367.html --> ftp.mossor.org /httpdocs/HTML/20021207_France/HTML DSCN1367.html
2002.12.15 10:23 B d:\Backup\Christmas2002\2002\Album\MossorDL\20021207_France\HTML\DSCN1369.html --> ftp.mossor.org /httpdocs/HTML/20021207_France/HTML DSCN1369.html
2002.12.15 10:23 B d:\Backup\Christmas2002\2002\Album\MossorDL\20021207_France\HTML\DSCN1374.html --> ftp.mossor.org /httpdocs/HTML/20021207_France/HTML DSCN1374.html
2002.12.15 10:23 B d:\Backup\Christmas2002\2002\Album\MossorDL\20021207_France\HTML\DSCN1375.html --> ftp.mossor.org /httpdocs/HTML/20021207_France/HTML DSCN1375.html
2002.12.15 10:23 B d:\Backup\Christmas2002\2002\Album\MossorDL\20021207_France\HTML\DSCN1376.html --> ftp.mossor.org /httpdocs/HTML/20021207_France/HTML DSCN1376.html
2002.12.15 10:23 B d:\Backup\Christmas2002\2002\Album\MossorDL\20021207_France\HTML\DSCN1377.html --> ftp.mossor.org /httpdocs/HTML/20021207_France/HTML DSCN1377.html
2002.12.15 10:23 B d:\Backup\Christmas2002\2002\Album\MossorDL\20021207_France\HTML\DSCN1378.html --> ftp.mossor.org /httpdocs/HTML/20021207_France/HTML DSCN1378.html
2002.12.15 10:23 B d:\Backup\Christmas2002\2002\Album\MossorDL\20021207_France\HTML\DSCN1379.html --> ftp.mossor.org /httpdocs/HTML/20021207_France/HTML DSCN1379.html
2002.12.15 10:23 B d:\Backup\Christmas2002\2002\Album\MossorDL\20021207_France\HTML\DSCN1390.html --> ftp.mossor.org /httpdocs/HTML/20021207_France/HTML DSCN1390.html
2002.12.15 10:23 B d:\Backup\Christmas2002\2002\Album\MossorDL\20021207_France\HTML\DSCN1392.html --> ftp.mossor.org /httpdocs/HTML/20021207_France/HTML DSCN1392.html
2002.12.15 10:24 B d:\Backup\Christmas2002\2002\Album\MossorDL\20021207_France\HTML\DSCN1393.html --> ftp.mossor.org /httpdocs/HTML/20021207_France/HTML DSCN1393.html
2002.12.15 10:24 B d:\Backup\Christmas2002\2002\Album\MossorDL\20021207_France\HTML\DSCN1394.html --> ftp.mossor.org /httpdocs/HTML/20021207_France/HTML DSCN1394.html
2002.12.15 10:24 B d:\Backup\Christmas2002\2002\Album\MossorDL\20021207_France\HTML\DSCN1395.html --> ftp.mossor.org /httpdocs/HTML/20021207_France/HTML DSCN1395.html
2002.12.15 10:24 B d:\Backup\Christmas2002\2002\Album\MossorDL\20021207_France\HTML\DSCN1396.html --> ftp.mossor.org /httpdocs/HTML/20021207_France/HTML DSCN1396.html
2002.12.15 10:24 B d:\Backup\Christmas2002\2002\Album\MossorDL\20021207_France\HTML\DSCN1397.html --> ftp.mossor.org /httpdocs/HTML/20021207_France/HTML DSCN1397.html
2002.12.15 10:24 B d:\Backup\Christmas2002\2002\Album\MossorDL\20021207_France\HTML\DSCN1398.html --> ftp.mossor.org /httpdocs/HTML/20021207_France/HTML DSCN1398.html
2002.12.15 10:24 B d:\Backup\Christmas2002\2002\Album\MossorDL\20021207_France\HTML\DSCN1399.html --> ftp.mossor.org /httpdocs/HTML/20021207_France/HTML DSCN1399.html
2002.12.15 10:24 B d:\Backup\Christmas2002\2002\Album\MossorDL\20021207_France\HTML\DSCN1400.html --> ftp.mossor.org /httpdocs/HTML/20021207_France/HTML DSCN1400.html
2002.12.15 10:24 B d:\Backup\Christmas2002\2002\Album\MossorDL\20021207_France\HTML\DSCN1403.html --> ftp.mossor.org /httpdocs/HTML/20021207_France/HTML DSCN1403.html
2002.12.15 10:24 B d:\Backup\Christmas2002\2002\Album\MossorDL\20021207_France\HTML\DSCN1404.html --> ftp.mossor.org /httpdocs/HTML/20021207_France/HTML DSCN1404.html
2002.12.15 10:24 B d:\Backup\Christmas2002\2002\Album\MossorDL\20021207_France\HTML\DSCN1407.html --> ftp.mossor.org /httpdocs/HTML/20021207_France/HTML DSCN1407.html
2002.12.15 10:24 B d:\Backup\Christmas2002\2002\Album\MossorDL\20021207_France\HTML\DSCN1408.html --> ftp.mossor.org /httpdocs/HTML/20021207_France/HTML DSCN1408.html
2002.12.15 10:24 B d:\Backup\Christmas2002\2002\Album\MossorDL\20021207_France\HTML\DSCN1413.html --> ftp.mossor.org /httpdocs/HTML/20021207_France/HTML DSCN1413.html
2002.12.15 10:25 B d:\Backup\Christmas2002\2002\Album\MossorDL\20021207_France\HTML\DSCN1415.html --> ftp.mossor.org /httpdocs/HTML/20021207_France/HTML DSCN1415.html
2002.12.15 10:25 B d:\Backup\Christmas2002\2002\Album\MossorDL\20021207_France\HTML\DSCN1418.html --> ftp.mossor.org /httpdocs/HTML/20021207_France/HTML DSCN1418.html
2002.12.15 10:25 B d:\Backup\Christmas2002\2002\Album\MossorDL\20021207_France\HTML\DSCN1419.html --> ftp.mossor.org /httpdocs/HTML/20021207_France/HTML DSCN1419.html
2002.12.15 10:25 B d:\Backup\Christmas2002\2002\Album\MossorDL\20021207_France\HTML\DSCN1420_b.html --> ftp.mossor.org /httpdocs/HTML/20021207_France/HTML DSCN1420_b.html
2002.12.15 10:25 B d:\Backup\Christmas2002\2002\Album\MossorDL\20021207_France\HTML\DSCN1422.html --> ftp.mossor.org /httpdocs/HTML/20021207_France/HTML DSCN1422.html
2002.12.15 10:25 B d:\Backup\Christmas2002\2002\Album\MossorDL\20021207_France\HTML\DSCN1424.html --> ftp.mossor.org /httpdocs/HTML/20021207_France/HTML DSCN1424.html
2002.12.15 10:25 B d:\Backup\Christmas2002\2002\Album\MossorDL\20021207_France\HTML\DSCN1425.html --> ftp.mossor.org /httpdocs/HTML/20021207_France/HTML DSCN1425.html
2002.12.15 10:25 B d:\Backup\Christmas2002\2002\Album\MossorDL\20021207_France\HTML\Picture_003.html --> ftp.mossor.org /httpdocs/HTML/20021207_France/HTML Picture_003.html
2002.12.15 10:25 B d:\Backup\Christmas2002\2002\Album\MossorDL\20021207_France\HTML\Picture_004.html --> ftp.mossor.org /httpdocs/HTML/20021207_France/HTML Picture_004.html
2002.12.15 10:25 B d:\Backup\Christmas2002\2002\Album\MossorDL\20021207_France\HTML\Picture_006.html --> ftp.mossor.org /httpdocs/HTML/20021207_France/HTML Picture_006.html
2002.12.15 10:25 B d:\Backup\Christmas2002\2002\Album\MossorDL\20021207_France\HTML\Picture_007.html --> ftp.mossor.org /httpdocs/HTML/20021207_France/HTML Picture_007.html
2002.12.15 10:25 B d:\Backup\Christmas2002\2002\Album\MossorDL\20021207_France\HTML\Picture_008.html --> ftp.mossor.org /httpdocs/HTML/20021207_France/HTML Picture_008.html
2002.12.15 10:25 B d:\Backup\Christmas2002\2002\Album\MossorDL\20021207_France\HTML\Picture_010.html --> ftp.mossor.org /httpdocs/HTML/20021207_France/HTML Picture_010.html
2002.12.15 10:26 B d:\Backup\Christmas2002\2002\Album\MossorDL\20021207_France\HTML\Picture_011.html --> ftp.mossor.org /httpdocs/HTML/20021207_France/HTML Picture_011.html
2002.12.15 10:26 B d:\Backup\Christmas2002\2002\Album\MossorDL\20021207_France\HTML\Picture_012.html --> ftp.mossor.org /httpdocs/HTML/20021207_France/HTML Picture_012.html
2002.12.15 10:26 B d:\Backup\Christmas2002\2002\Album\MossorDL\20021207_France\HTML\Picture_014.html --> ftp.mossor.org /httpdocs/HTML/20021207_France/HTML Picture_014.html
2002.12.15 10:26 B d:\Backup\Christmas2002\2002\Album\MossorDL\20021207_France\HTML\Picture_015.html --> ftp.mossor.org /httpdocs/HTML/20021207_France/HTML Picture_015.html
2002.12.15 10:26 B d:\Backup\Christmas2002\2002\Album\MossorDL\20021207_France\HTML\Picture_016.html --> ftp.mossor.org /httpdocs/HTML/20021207_France/HTML Picture_016.html
2002.12.15 10:26 B d:\Backup\Christmas2002\2002\Album\MossorDL\20021207_France\HTML\Picture_017.html --> ftp.mossor.org /httpdocs/HTML/20021207_France/HTML Picture_017.html
2002.12.15 10:26 B d:\Backup\Christmas2002\2002\Album\MossorDL\20021207_France\HTML\Picture_018.html --> ftp.mossor.org /httpdocs/HTML/20021207_France/HTML Picture_018.html
2002.12.15 10:26 B d:\Backup\Christmas2002\2002\Album\MossorDL\20021207_France\HTML\Picture_019.html --> ftp.mossor.org /httpdocs/HTML/20021207_France/HTML Picture_019.html
2002.12.15 10:26 B d:\Backup\Christmas2002\2002\Album\MossorDL\20021207_France\HTML\Picture_020.html --> ftp.mossor.org /httpdocs/HTML/20021207_France/HTML Picture_020.html
2002.12.15 10:26 B d:\Backup\Christmas2002\2002\Album\MossorDL\20021207_France\HTML\Picture_021.html --> ftp.mossor.org /httpdocs/HTML/20021207_France/HTML Picture_021.html
2002.12.15 10:26 B d:\Backup\Christmas2002\2002\Album\MossorDL\20021207_France\HTML\Picture_022.html --> ftp.mossor.org /httpdocs/HTML/20021207_France/HTML Picture_022.html
2002.12.15 10:26 B d:\Backup\Christmas2002\2002\Album\MossorDL\20021207_France\HTML\Picture_023.html --> ftp.mossor.org /httpdocs/HTML/20021207_France/HTML Picture_023.html
2002.12.15 10:27 B d:\Backup\Christmas2002\2002\Album\MossorDL\20021207_France\HTML\Picture_024.html --> ftp.mossor.org /httpdocs/HTML/20021207_France/HTML Picture_024.html
2002.12.15 10:27 B d:\Backup\Christmas2002\2002\Album\MossorDL\20021207_France\HTML\Picture_026.html --> ftp.mossor.org /httpdocs/HTML/20021207_France/HTML Picture_026.html
2002.12.15 10:27 B d:\Backup\Christmas2002\2002\Album\MossorDL\20021207_France\HTML\Picture_031.html --> ftp.mossor.org /httpdocs/HTML/20021207_France/HTML Picture_031.html
2002.12.15 10:27 B d:\Backup\Christmas2002\2002\Album\MossorDL\20021207_France\HTML\Picture_033.html --> ftp.mossor.org /httpdocs/HTML/20021207_France/HTML Picture_033.html
2002.12.15 10:27 B d:\Backup\Christmas2002\2002\Album\MossorDL\20021207_France\HTML\Picture_035.html --> ftp.mossor.org /httpdocs/HTML/20021207_France/HTML Picture_035.html
2002.12.15 10:27 B d:\Backup\Christmas2002\2002\Album\MossorDL\20021207_France\HTML\Picture_036.html --> ftp.mossor.org /httpdocs/HTML/20021207_France/HTML Picture_036.html
2002.12.15 10:27 B d:\Backup\Christmas2002\2002\Album\MossorDL\20021207_France\HTML\Picture_038.html --> ftp.mossor.org /httpdocs/HTML/20021207_France/HTML Picture_038.html
2002.12.15 10:27 B d:\Backup\Christmas2002\2002\Album\MossorDL\20021207_France\HTML\Picture_039.html --> ftp.mossor.org /httpdocs/HTML/20021207_France/HTML Picture_039.html
2002.12.15 10:27 B d:\Backup\Christmas2002\2002\Album\MossorDL\20021207_France\HTML\Picture_040.html --> ftp.mossor.org /httpdocs/HTML/20021207_France/HTML Picture_040.html
2002.12.15 10:27 B d:\Backup\Christmas2002\2002\Album\MossorDL\20021207_France\HTML\Picture_047.html --> ftp.mossor.org /httpdocs/HTML/20021207_France/HTML Picture_047.html
2002.12.15 10:27 B d:\Backup\Christmas2002\2002\Album\MossorDL\20021207_France\HTML\Picture_049.html --> ftp.mossor.org /httpdocs/HTML/20021207_France/HTML Picture_049.html
2002.12.15 10:28 B d:\Backup\Christmas2002\2002\Album\MossorDL\20021207_France\HTML\Picture_050.html --> ftp.mossor.org /httpdocs/HTML/20021207_France/HTML Picture_050.html
