2020-09-12 16:52:00.580658:./randomCOTD.py:darrin:0
2020-09-12 18:25:25.836984:./genLastThreeBlogPosts.py:darrin:0
2020-09-12 18:25:54.460580:./genLastThreeBlogPosts.py:darrin:0
2020-09-12 18:32:47.854164:./genLastThreeBlogPosts.py:darrin:0
2020-09-12 18:42:38.864936:./genLastThreeBlogPosts.py:darrin:0
2020-09-12 18:42:56.942349:./genLastThreeBlogPosts.py:darrin:0
2020-09-18 10:21:41.318860:./randomCOTD.py:darrin: [Semilunate] :0
2020-09-18 10:22:20.964120:./genLastThreeBlogPosts.py:darrin:0
2020-09-18 11:00:03.925311:/var/www/html/scripts/randomCOTD.py:darrin: [Butt head] :0
2020-09-18 11:00:04.958112:/var/www/html/scripts/genLastThreeBlogPosts.py:darrin:0
2020-09-18 11:11:52.705997:./randomCOTD.py:darrin: [Genus capros] :0
2020-09-18 11:11:54.727658:./randomCOTD.py:darrin: [Wing shooting] :0
2020-09-18 11:11:56.608201:./randomCOTD.py:darrin: [Uncomprehending] :0
2020-09-18 11:11:58.313738:./randomCOTD.py:darrin: [Great blue heron] :0
2020-09-18 11:12:00.100804:./randomCOTD.py:darrin: [Telecom system] :0
2020-09-18 11:12:02.000458:./randomCOTD.py:darrin: [Atomic number 68] :0
2020-09-18 11:12:03.799441:./randomCOTD.py:darrin: [Garden cypress] :0
2020-09-18 11:12:05.785001:./randomCOTD.py:darrin: [George herbert hitchings] :0
2020-09-18 11:12:07.598240:./randomCOTD.py:darrin: [Prosopium williamsonii] :0
2020-09-18 11:12:09.474436:./randomCOTD.py:darrin: [Chicken mousse] :0
2020-09-18 11:12:11.314479:./randomCOTD.py:darrin: [Lipidaemia] :0
2020-09-18 11:12:13.068266:./randomCOTD.py:darrin: [Four-o'clock family] :0
2020-09-18 11:12:14.875406:./randomCOTD.py:darrin: [Clone] :0
2020-09-18 11:12:16.571244:./randomCOTD.py:darrin: [Unipolar depression] :0
2020-09-18 11:12:18.379707:./randomCOTD.py:darrin: [Fustian] :0
2020-09-18 11:12:20.108306:./randomCOTD.py:darrin: [Llandaf] :0
2020-09-18 11:12:21.981574:./randomCOTD.py:darrin: [Inchoative] :0
2020-09-18 11:12:23.723907:./randomCOTD.py:darrin: [Flyer] :0
2020-09-18 11:12:25.543646:./randomCOTD.py:darrin: [Quasi-amusing] :0
2020-09-18 11:12:27.392119:./randomCOTD.py:darrin: [System] :0
2020-09-19 00:05:02.738137:/var/www/html/scripts/randomCOTD.py:darrin: [Apollo asteroid] :0
2020-09-19 00:08:02.313113:/var/www/html/scripts/genLastThreeBlogPosts.py:darrin:0
2020-09-20 00:05:02.227294:/var/www/html/scripts/randomCOTD.py:darrin: [Simply connected] :0
2020-09-20 00:08:02.069984:/var/www/html/scripts/genLastThreeBlogPosts.py:darrin:0
2020-09-21 00:05:02.326617:/var/www/html/scripts/randomCOTD.py:darrin: [Colza oil] :0
2020-09-21 00:08:02.016052:/var/www/html/scripts/genLastThreeBlogPosts.py:darrin:0
2020-09-22 00:05:03.855881:/var/www/html/scripts/randomCOTD.py:darrin: [Tautologising] :0
2020-09-22 00:08:02.628944:/var/www/html/scripts/genLastThreeBlogPosts.py:darrin:0
2020-09-23 00:05:02.554839:/var/www/html/scripts/randomCOTD.py:darrin: [Dop] :0
2020-09-23 00:08:02.091931:/var/www/html/scripts/genLastThreeBlogPosts.py:darrin:0
2020-09-24 00:05:03.139100:/var/www/html/scripts/randomCOTD.py:darrin: [Lie around] :0
2020-09-24 00:08:02.135849:/var/www/html/scripts/genLastThreeBlogPosts.py:darrin:0
2020-09-25 00:05:03.171230:/var/www/html/scripts/randomCOTD.py:darrin: [Stephane grappelli] :0
2020-09-25 00:08:01.859555:/var/www/html/scripts/genLastThreeBlogPosts.py:darrin:0
2020-09-26 00:05:03.202256:/var/www/html/scripts/randomCOTD.py:darrin: [Rate-cutting] :0
2020-09-26 00:08:01.652099:/var/www/html/scripts/genLastThreeBlogPosts.py:darrin:0
2020-09-27 00:05:03.154847:/var/www/html/scripts/randomCOTD.py:darrin: [Common knowledge] :0
2020-09-27 00:08:01.855213:/var/www/html/scripts/genLastThreeBlogPosts.py:darrin:0
2020-09-28 00:05:07.858066:/var/www/html/scripts/randomCOTD.py:darrin: [Giant stock bean] :0
2020-09-28 00:08:07.392137:/var/www/html/scripts/genLastThreeBlogPosts.py:darrin:0
2020-09-29 00:05:02.689322:/var/www/html/scripts/randomCOTD.py:darrin: [Roll-leaf] :0
2020-09-29 00:08:02.430160:/var/www/html/scripts/genLastThreeBlogPosts.py:darrin:0
2020-09-30 00:05:02.411509:/var/www/html/scripts/randomCOTD.py:darrin: [So-ho] :0
2020-09-30 00:08:02.073937:/var/www/html/scripts/genLastThreeBlogPosts.py:darrin:0
2020-10-01 00:05:02.807192:/var/www/html/scripts/randomCOTD.py:darrin: [Sweepy] :0
2020-10-01 00:08:02.426625:/var/www/html/scripts/genLastThreeBlogPosts.py:darrin:0
2020-10-02 00:05:02.184307:/var/www/html/scripts/randomCOTD.py:darrin: [Half dime] :0
2020-10-02 00:08:01.613911:/var/www/html/scripts/genLastThreeBlogPosts.py:darrin:0
2020-10-03 00:05:02.710896:/var/www/html/scripts/randomCOTD.py:darrin: [Nitrostat] :0
2020-10-03 00:08:03.356761:/var/www/html/scripts/genLastThreeBlogPosts.py:darrin:0
2020-10-04 00:05:02.651455:/var/www/html/scripts/randomCOTD.py:darrin: [Perdicinae] :0
2020-10-04 00:08:04.063212:/var/www/html/scripts/genLastThreeBlogPosts.py:darrin:0
2020-10-05 00:05:02.974361:/var/www/html/scripts/randomCOTD.py:darrin: [Red silk-cotton tree] :0
2020-10-05 00:08:03.702015:/var/www/html/scripts/genLastThreeBlogPosts.py:darrin:0
2020-10-06 00:05:03.217823:/var/www/html/scripts/randomCOTD.py:darrin: [Epiphysis cerebri] :0
2020-10-06 00:08:03.214502:/var/www/html/scripts/genLastThreeBlogPosts.py:darrin:0
2020-10-07 00:05:02.398856:/var/www/html/scripts/randomCOTD.py:darrin: [Chalcostigma] :0
2020-10-07 00:08:02.007953:/var/www/html/scripts/genLastThreeBlogPosts.py:darrin:0
2020-10-08 00:05:03.349875:/var/www/html/scripts/randomCOTD.py:darrin: [Finger-pointing] :0
2020-10-08 00:08:03.091117:/var/www/html/scripts/genLastThreeBlogPosts.py:darrin:0
2020-10-09 00:05:02.609511:/var/www/html/scripts/randomCOTD.py:darrin: [Shoe merchant] :0
2020-10-09 00:08:03.379124:/var/www/html/scripts/genLastThreeBlogPosts.py:darrin:0
2020-10-10 00:05:02.359991:/var/www/html/scripts/randomCOTD.py:darrin: [Unembellished] :0
2020-10-10 00:08:02.996430:/var/www/html/scripts/genLastThreeBlogPosts.py:darrin:0
2020-10-11 00:05:03.352453:/var/www/html/scripts/randomCOTD.py:darrin: [Unenrolled] :0
2020-10-11 00:08:03.158539:/var/www/html/scripts/genLastThreeBlogPosts.py:darrin:0
2020-10-12 00:05:03.197135:/var/www/html/scripts/randomCOTD.py:darrin: [Red-dogger] :0
2020-10-12 00:08:02.910269:/var/www/html/scripts/genLastThreeBlogPosts.py:darrin:0
2020-10-13 00:05:04.060490:/var/www/html/scripts/randomCOTD.py:darrin: [Interclass] :0
2020-10-13 00:08:01.638508:/var/www/html/scripts/genLastThreeBlogPosts.py:darrin:0
2020-10-14 00:05:02.361769:/var/www/html/scripts/randomCOTD.py:darrin: [Throatier] :0
2020-10-14 00:08:02.084093:/var/www/html/scripts/genLastThreeBlogPosts.py:darrin:0
2020-10-15 00:05:03.103659:/var/www/html/scripts/randomCOTD.py:darrin: [Upholsterer] :0
2020-10-15 00:08:01.700418:/var/www/html/scripts/genLastThreeBlogPosts.py:darrin:0
2020-10-16 00:05:02.889531:/var/www/html/scripts/randomCOTD.py:darrin: [Power dive] :0
2020-10-16 00:08:03.476474:/var/www/html/scripts/genLastThreeBlogPosts.py:darrin:0
2020-10-17 00:05:02.966923:/var/www/html/scripts/randomCOTD.py:darrin: [Hyraces] :0
2020-10-17 00:08:03.330629:/var/www/html/scripts/genLastThreeBlogPosts.py:darrin:0
2020-10-18 00:05:02.650811:/var/www/html/scripts/randomCOTD.py:darrin: [Horn player] :0
2020-10-18 00:08:02.192086:/var/www/html/scripts/genLastThreeBlogPosts.py:darrin:0
